2025-08-19 10:41:41,279 - werkzeug - INFO - [31m[1mWARNING: This is a development server. Do not use it in a production deployment. Use a production WSGI server instead.[0m
 * Running on https://127.0.0.1:5000
2025-08-19 10:41:41,279 - werkzeug - INFO - [33mPress CTRL+C to quit[0m
2025-08-19 10:42:53,505 - werkzeug - INFO - 127.0.0.1 - - [19/Aug/2025 10:42:53] "[33mGET / HTTP/1.1[0m" 404 -
2025-08-19 10:42:53,638 - werkzeug - INFO - 127.0.0.1 - - [19/Aug/2025 10:42:53] "[33mGET /favicon.ico HTTP/1.1[0m" 404 -
2025-08-19 10:44:09,086 - werkzeug - INFO - 127.0.0.1 - - [19/Aug/2025 10:44:09] "[31m[1mGET /api/auth/register HTTP/1.1[0m" 405 -
2025-08-19 10:56:36,082 - HIPAA_AUDIT - INFO - Action: USER_REGISTRATION, User: None, Resource: users, IP: 127.0.0.1
2025-08-19 10:56:36,084 - werkzeug - INFO - 127.0.0.1 - - [19/Aug/2025 10:56:36] "[31m[1mPOST /api/auth/register HTTP/1.1[0m" 400 -
2025-08-19 10:56:54,628 - HIPAA_AUDIT - INFO - Action: USER_REGISTRATION, User: None, Resource: users, IP: 127.0.0.1
2025-08-19 10:56:54,628 - werkzeug - INFO - 127.0.0.1 - - [19/Aug/2025 10:56:54] "[35m[1mPOST /api/auth/register HTTP/1.1[0m" 201 -
2025-08-19 10:58:15,795 - HIPAA_AUDIT - INFO - Action: USER_LOGIN, User: None, Resource: authentication, IP: 127.0.0.1
2025-08-19 10:58:15,795 - werkzeug - INFO - 127.0.0.1 - - [19/Aug/2025 10:58:15] "POST /api/auth/login HTTP/1.1" 200 -
2025-08-19 11:00:20,838 - werkzeug - INFO - 127.0.0.1 - - [19/Aug/2025 11:00:20] "[31m[1mGET /api/patients HTTP/1.1[0m" 401 -
2025-08-19 11:00:52,540 - werkzeug - INFO - 127.0.0.1 - - [19/Aug/2025 11:00:52] "[31m[1mGET /api/patients HTTP/1.1[0m" 401 -
2025-08-19 11:11:03,001 - werkzeug - INFO - 127.0.0.1 - - [19/Aug/2025 11:11:03] "[31m[1mGET /api/patients HTTP/1.1[0m" 401 -
2025-08-19 11:14:14,991 - werkzeug - INFO - [31m[1mWARNING: This is a development server. Do not use it in a production deployment. Use a production WSGI server instead.[0m
 * Running on https://127.0.0.1:5000
2025-08-19 11:14:14,991 - werkzeug - INFO - [33mPress CTRL+C to quit[0m
2025-08-19 11:14:22,824 - HIPAA_AUDIT - INFO - Action: USER_LOGIN, User: None, Resource: authentication, IP: 127.0.0.1
2025-08-19 11:14:22,824 - werkzeug - INFO - 127.0.0.1 - - [19/Aug/2025 11:14:22] "POST /api/auth/login HTTP/1.1" 200 -
2025-08-19 11:14:26,251 - HIPAA_AUDIT - INFO - Action: USER_LOGIN, User: None, Resource: authentication, IP: 127.0.0.1
2025-08-19 11:14:26,251 - werkzeug - INFO - 127.0.0.1 - - [19/Aug/2025 11:14:26] "POST /api/auth/login HTTP/1.1" 200 -
2025-08-19 11:14:56,914 - werkzeug - INFO - 127.0.0.1 - - [19/Aug/2025 11:14:56] "[31m[1mGET /api/patients HTTP/1.1[0m" 401 -
2025-08-19 11:15:10,466 - werkzeug - INFO - 127.0.0.1 - - [19/Aug/2025 11:15:10] "[31m[1mGET /api/patients HTTP/1.1[0m" 401 -
2025-08-19 11:15:28,780 - HIPAA_AUDIT - INFO - Action: USER_LOGIN, User: None, Resource: authentication, IP: 127.0.0.1
2025-08-19 11:15:28,781 - werkzeug - INFO - 127.0.0.1 - - [19/Aug/2025 11:15:28] "POST /api/auth/login HTTP/1.1" 200 -
2025-08-19 11:15:55,798 - werkzeug - INFO - 127.0.0.1 - - [19/Aug/2025 11:15:55] "[31m[1mGET /api/patients HTTP/1.1[0m" 401 -
2025-08-19 11:20:37,169 - werkzeug - INFO - 127.0.0.1 - - [19/Aug/2025 11:20:37] "[31m[1mGET /api/patients HTTP/1.1[0m" 401 -
2025-08-19 11:21:05,032 - werkzeug - INFO - 127.0.0.1 - - [19/Aug/2025 11:21:05] "[31m[1mGET /api/patients HTTP/1.1[0m" 401 -
2025-08-19 11:21:28,480 - HIPAA_AUDIT - INFO - Action: USER_LOGIN, User: None, Resource: authentication, IP: 127.0.0.1
2025-08-19 11:21:28,481 - werkzeug - INFO - 127.0.0.1 - - [19/Aug/2025 11:21:28] "POST /api/auth/login HTTP/1.1" 200 -
2025-08-19 11:21:59,178 - werkzeug - INFO - 127.0.0.1 - - [19/Aug/2025 11:21:59] "[31m[1mGET /api/patients HTTP/1.1[0m" 401 -
2025-08-19 11:22:05,677 - werkzeug - INFO - 127.0.0.1 - - [19/Aug/2025 11:22:05] "[31m[1mGET /api/patients HTTP/1.1[0m" 401 -
2025-08-19 11:24:41,701 - werkzeug - INFO - [31m[1mWARNING: This is a development server. Do not use it in a production deployment. Use a production WSGI server instead.[0m
 * Running on https://127.0.0.1:5000
2025-08-19 11:24:41,701 - werkzeug - INFO - [33mPress CTRL+C to quit[0m
2025-08-19 11:24:46,874 - werkzeug - INFO - 127.0.0.1 - - [19/Aug/2025 11:24:46] "[31m[1mGET /api/patients HTTP/1.1[0m" 401 -
2025-08-19 11:25:43,968 - HIPAA_AUDIT - INFO - Action: USER_LOGIN, User: None, Resource: authentication, IP: 127.0.0.1
2025-08-19 11:25:43,968 - werkzeug - INFO - 127.0.0.1 - - [19/Aug/2025 11:25:43] "POST /api/auth/login HTTP/1.1" 200 -
2025-08-19 11:26:03,580 - HIPAA_AUDIT - INFO - Action: VIEW_PATIENTS, User: 1, Resource: patients, IP: 127.0.0.1
2025-08-19 11:26:03,580 - werkzeug - INFO - 127.0.0.1 - - [19/Aug/2025 11:26:03] "GET /api/patients HTTP/1.1" 200 -
2025-08-19 11:32:51,849 - HIPAA_AUDIT - INFO - Action: USER_LOGIN, User: None, Resource: authentication, IP: 127.0.0.1
2025-08-19 11:32:51,857 - werkzeug - INFO - 127.0.0.1 - - [19/Aug/2025 11:32:51] "POST /api/auth/login HTTP/1.1" 200 -
2025-08-19 11:33:10,502 - HIPAA_AUDIT - INFO - Action: VIEW_PATIENTS, User: 1, Resource: patients, IP: 127.0.0.1
2025-08-19 11:33:10,502 - werkzeug - INFO - 127.0.0.1 - - [19/Aug/2025 11:33:10] "GET /api/patients HTTP/1.1" 200 -
2025-08-19 12:44:16,536 - werkzeug - INFO - [31m[1mWARNING: This is a development server. Do not use it in a production deployment. Use a production WSGI server instead.[0m
 * Running on https://127.0.0.1:5000
2025-08-19 12:44:16,537 - werkzeug - INFO - [33mPress CTRL+C to quit[0m
2025-08-19 12:44:27,927 - app - ERROR - Exception on /api/auth/register [POST]
Traceback (most recent call last):
  File "E:\woltrio\DejiEMRAPI\.venv\Lib\site-packages\sqlalchemy\engine\base.py", line 3371, in _wrap_pool_connect
    return fn()
           ^^^^
  File "E:\woltrio\DejiEMRAPI\.venv\Lib\site-packages\sqlalchemy\pool\base.py", line 327, in connect
    return _ConnectionFairy._checkout(self)
           ^^^^^^^^^^^^^^^^^^^^^^^^^^^^^^^^
  File "E:\woltrio\DejiEMRAPI\.venv\Lib\site-packages\sqlalchemy\pool\base.py", line 894, in _checkout
    fairy = _ConnectionRecord.checkout(pool)
            ^^^^^^^^^^^^^^^^^^^^^^^^^^^^^^^^
  File "E:\woltrio\DejiEMRAPI\.venv\Lib\site-packages\sqlalchemy\pool\base.py", line 493, in checkout
    rec = pool._do_get()
          ^^^^^^^^^^^^^^
  File "E:\woltrio\DejiEMRAPI\.venv\Lib\site-packages\sqlalchemy\pool\impl.py", line 145, in _do_get
    with util.safe_reraise():
  File "E:\woltrio\DejiEMRAPI\.venv\Lib\site-packages\sqlalchemy\util\langhelpers.py", line 70, in __exit__
    compat.raise_(
  File "E:\woltrio\DejiEMRAPI\.venv\Lib\site-packages\sqlalchemy\util\compat.py", line 211, in raise_
    raise exception
  File "E:\woltrio\DejiEMRAPI\.venv\Lib\site-packages\sqlalchemy\pool\impl.py", line 143, in _do_get
    return self._create_connection()
           ^^^^^^^^^^^^^^^^^^^^^^^^^
  File "E:\woltrio\DejiEMRAPI\.venv\Lib\site-packages\sqlalchemy\pool\base.py", line 273, in _create_connection
    return _ConnectionRecord(self)
           ^^^^^^^^^^^^^^^^^^^^^^^
  File "E:\woltrio\DejiEMRAPI\.venv\Lib\site-packages\sqlalchemy\pool\base.py", line 388, in __init__
    self.__connect()
  File "E:\woltrio\DejiEMRAPI\.venv\Lib\site-packages\sqlalchemy\pool\base.py", line 690, in __connect
    with util.safe_reraise():
  File "E:\woltrio\DejiEMRAPI\.venv\Lib\site-packages\sqlalchemy\util\langhelpers.py", line 70, in __exit__
    compat.raise_(
  File "E:\woltrio\DejiEMRAPI\.venv\Lib\site-packages\sqlalchemy\util\compat.py", line 211, in raise_
    raise exception
  File "E:\woltrio\DejiEMRAPI\.venv\Lib\site-packages\sqlalchemy\pool\base.py", line 686, in __connect
    self.dbapi_connection = connection = pool._invoke_creator(self)
                                         ^^^^^^^^^^^^^^^^^^^^^^^^^^
  File "E:\woltrio\DejiEMRAPI\.venv\Lib\site-packages\sqlalchemy\engine\create.py", line 574, in connect
    return dialect.connect(*cargs, **cparams)
           ^^^^^^^^^^^^^^^^^^^^^^^^^^^^^^^^^^
  File "E:\woltrio\DejiEMRAPI\.venv\Lib\site-packages\sqlalchemy\engine\default.py", line 598, in connect
    return self.dbapi.connect(*cargs, **cparams)
           ^^^^^^^^^^^^^^^^^^^^^^^^^^^^^^^^^^^^^
  File "E:\woltrio\DejiEMRAPI\.venv\Lib\site-packages\psycopg2\__init__.py", line 122, in connect
    conn = _connect(dsn, connection_factory=connection_factory, **kwasync)
           ^^^^^^^^^^^^^^^^^^^^^^^^^^^^^^^^^^^^^^^^^^^^^^^^^^^^^^^^^^^^^^^
psycopg2.OperationalError: connection to server at "localhost" (::1), port 5432 failed: FATAL:  password authentication failed for user "user"


The above exception was the direct cause of the following exception:

Traceback (most recent call last):
  File "E:\woltrio\DejiEMRAPI\app\utils\decorators.py", line 22, in decorated_function
    result = f(*args, **kwargs)
             ^^^^^^^^^^^^^^^^^^
  File "E:\woltrio\DejiEMRAPI\app\api\routes.py", line 23, in register
    if User.query.filter((User.username == data['username']) | (User.email == data['email'])).first():
       ^^^^^^^^^^^^^^^^^^^^^^^^^^^^^^^^^^^^^^^^^^^^^^^^^^^^^^^^^^^^^^^^^^^^^^^^^^^^^^^^^^^^^^^^^^^^^^
  File "E:\woltrio\DejiEMRAPI\.venv\Lib\site-packages\sqlalchemy\orm\query.py", line 2824, in first
    return self.limit(1)._iter().first()
           ^^^^^^^^^^^^^^^^^^^^^
  File "E:\woltrio\DejiEMRAPI\.venv\Lib\site-packages\sqlalchemy\orm\query.py", line 2916, in _iter
    result = self.session.execute(
             ^^^^^^^^^^^^^^^^^^^^^
  File "E:\woltrio\DejiEMRAPI\.venv\Lib\site-packages\sqlalchemy\orm\session.py", line 1716, in execute
    conn = self._connection_for_bind(bind)
           ^^^^^^^^^^^^^^^^^^^^^^^^^^^^^^^
  File "E:\woltrio\DejiEMRAPI\.venv\Lib\site-packages\sqlalchemy\orm\session.py", line 1555, in _connection_for_bind
    return self._transaction._connection_for_bind(
           ^^^^^^^^^^^^^^^^^^^^^^^^^^^^^^^^^^^^^^^
  File "E:\woltrio\DejiEMRAPI\.venv\Lib\site-packages\sqlalchemy\orm\session.py", line 750, in _connection_for_bind
    conn = bind.connect()
           ^^^^^^^^^^^^^^
  File "E:\woltrio\DejiEMRAPI\.venv\Lib\site-packages\sqlalchemy\engine\base.py", line 3325, in connect
    return self._connection_cls(self, close_with_result=close_with_result)
           ^^^^^^^^^^^^^^^^^^^^^^^^^^^^^^^^^^^^^^^^^^^^^^^^^^^^^^^^^^^^^^^
  File "E:\woltrio\DejiEMRAPI\.venv\Lib\site-packages\sqlalchemy\engine\base.py", line 96, in __init__
    else engine.raw_connection()
         ^^^^^^^^^^^^^^^^^^^^^^^
  File "E:\woltrio\DejiEMRAPI\.venv\Lib\site-packages\sqlalchemy\engine\base.py", line 3404, in raw_connection
    return self._wrap_pool_connect(self.pool.connect, _connection)
           ^^^^^^^^^^^^^^^^^^^^^^^^^^^^^^^^^^^^^^^^^^^^^^^^^^^^^^^
  File "E:\woltrio\DejiEMRAPI\.venv\Lib\site-packages\sqlalchemy\engine\base.py", line 3374, in _wrap_pool_connect
    Connection._handle_dbapi_exception_noconnection(
  File "E:\woltrio\DejiEMRAPI\.venv\Lib\site-packages\sqlalchemy\engine\base.py", line 2208, in _handle_dbapi_exception_noconnection
    util.raise_(
  File "E:\woltrio\DejiEMRAPI\.venv\Lib\site-packages\sqlalchemy\util\compat.py", line 211, in raise_
    raise exception
  File "E:\woltrio\DejiEMRAPI\.venv\Lib\site-packages\sqlalchemy\engine\base.py", line 3371, in _wrap_pool_connect
    return fn()
           ^^^^
  File "E:\woltrio\DejiEMRAPI\.venv\Lib\site-packages\sqlalchemy\pool\base.py", line 327, in connect
    return _ConnectionFairy._checkout(self)
           ^^^^^^^^^^^^^^^^^^^^^^^^^^^^^^^^
  File "E:\woltrio\DejiEMRAPI\.venv\Lib\site-packages\sqlalchemy\pool\base.py", line 894, in _checkout
    fairy = _ConnectionRecord.checkout(pool)
            ^^^^^^^^^^^^^^^^^^^^^^^^^^^^^^^^
  File "E:\woltrio\DejiEMRAPI\.venv\Lib\site-packages\sqlalchemy\pool\base.py", line 493, in checkout
    rec = pool._do_get()
          ^^^^^^^^^^^^^^
  File "E:\woltrio\DejiEMRAPI\.venv\Lib\site-packages\sqlalchemy\pool\impl.py", line 145, in _do_get
    with util.safe_reraise():
  File "E:\woltrio\DejiEMRAPI\.venv\Lib\site-packages\sqlalchemy\util\langhelpers.py", line 70, in __exit__
    compat.raise_(
  File "E:\woltrio\DejiEMRAPI\.venv\Lib\site-packages\sqlalchemy\util\compat.py", line 211, in raise_
    raise exception
  File "E:\woltrio\DejiEMRAPI\.venv\Lib\site-packages\sqlalchemy\pool\impl.py", line 143, in _do_get
    return self._create_connection()
           ^^^^^^^^^^^^^^^^^^^^^^^^^
  File "E:\woltrio\DejiEMRAPI\.venv\Lib\site-packages\sqlalchemy\pool\base.py", line 273, in _create_connection
    return _ConnectionRecord(self)
           ^^^^^^^^^^^^^^^^^^^^^^^
  File "E:\woltrio\DejiEMRAPI\.venv\Lib\site-packages\sqlalchemy\pool\base.py", line 388, in __init__
    self.__connect()
  File "E:\woltrio\DejiEMRAPI\.venv\Lib\site-packages\sqlalchemy\pool\base.py", line 690, in __connect
    with util.safe_reraise():
  File "E:\woltrio\DejiEMRAPI\.venv\Lib\site-packages\sqlalchemy\util\langhelpers.py", line 70, in __exit__
    compat.raise_(
  File "E:\woltrio\DejiEMRAPI\.venv\Lib\site-packages\sqlalchemy\util\compat.py", line 211, in raise_
    raise exception
  File "E:\woltrio\DejiEMRAPI\.venv\Lib\site-packages\sqlalchemy\pool\base.py", line 686, in __connect
    self.dbapi_connection = connection = pool._invoke_creator(self)
                                         ^^^^^^^^^^^^^^^^^^^^^^^^^^
  File "E:\woltrio\DejiEMRAPI\.venv\Lib\site-packages\sqlalchemy\engine\create.py", line 574, in connect
    return dialect.connect(*cargs, **cparams)
           ^^^^^^^^^^^^^^^^^^^^^^^^^^^^^^^^^^
  File "E:\woltrio\DejiEMRAPI\.venv\Lib\site-packages\sqlalchemy\engine\default.py", line 598, in connect
    return self.dbapi.connect(*cargs, **cparams)
           ^^^^^^^^^^^^^^^^^^^^^^^^^^^^^^^^^^^^^
  File "E:\woltrio\DejiEMRAPI\.venv\Lib\site-packages\psycopg2\__init__.py", line 122, in connect
    conn = _connect(dsn, connection_factory=connection_factory, **kwasync)
           ^^^^^^^^^^^^^^^^^^^^^^^^^^^^^^^^^^^^^^^^^^^^^^^^^^^^^^^^^^^^^^^
sqlalchemy.exc.OperationalError: (psycopg2.OperationalError) connection to server at "localhost" (::1), port 5432 failed: FATAL:  password authentication failed for user "user"

(Background on this error at: https://sqlalche.me/e/14/e3q8)

During handling of the above exception, another exception occurred:

Traceback (most recent call last):
  File "E:\woltrio\DejiEMRAPI\.venv\Lib\site-packages\sqlalchemy\engine\base.py", line 3371, in _wrap_pool_connect
    return fn()
           ^^^^
  File "E:\woltrio\DejiEMRAPI\.venv\Lib\site-packages\sqlalchemy\pool\base.py", line 327, in connect
    return _ConnectionFairy._checkout(self)
           ^^^^^^^^^^^^^^^^^^^^^^^^^^^^^^^^
  File "E:\woltrio\DejiEMRAPI\.venv\Lib\site-packages\sqlalchemy\pool\base.py", line 894, in _checkout
    fairy = _ConnectionRecord.checkout(pool)
            ^^^^^^^^^^^^^^^^^^^^^^^^^^^^^^^^
  File "E:\woltrio\DejiEMRAPI\.venv\Lib\site-packages\sqlalchemy\pool\base.py", line 493, in checkout
    rec = pool._do_get()
          ^^^^^^^^^^^^^^
  File "E:\woltrio\DejiEMRAPI\.venv\Lib\site-packages\sqlalchemy\pool\impl.py", line 145, in _do_get
    with util.safe_reraise():
  File "E:\woltrio\DejiEMRAPI\.venv\Lib\site-packages\sqlalchemy\util\langhelpers.py", line 70, in __exit__
    compat.raise_(
  File "E:\woltrio\DejiEMRAPI\.venv\Lib\site-packages\sqlalchemy\util\compat.py", line 211, in raise_
    raise exception
  File "E:\woltrio\DejiEMRAPI\.venv\Lib\site-packages\sqlalchemy\pool\impl.py", line 143, in _do_get
    return self._create_connection()
           ^^^^^^^^^^^^^^^^^^^^^^^^^
  File "E:\woltrio\DejiEMRAPI\.venv\Lib\site-packages\sqlalchemy\pool\base.py", line 273, in _create_connection
    return _ConnectionRecord(self)
           ^^^^^^^^^^^^^^^^^^^^^^^
  File "E:\woltrio\DejiEMRAPI\.venv\Lib\site-packages\sqlalchemy\pool\base.py", line 388, in __init__
    self.__connect()
  File "E:\woltrio\DejiEMRAPI\.venv\Lib\site-packages\sqlalchemy\pool\base.py", line 690, in __connect
    with util.safe_reraise():
  File "E:\woltrio\DejiEMRAPI\.venv\Lib\site-packages\sqlalchemy\util\langhelpers.py", line 70, in __exit__
    compat.raise_(
  File "E:\woltrio\DejiEMRAPI\.venv\Lib\site-packages\sqlalchemy\util\compat.py", line 211, in raise_
    raise exception
  File "E:\woltrio\DejiEMRAPI\.venv\Lib\site-packages\sqlalchemy\pool\base.py", line 686, in __connect
    self.dbapi_connection = connection = pool._invoke_creator(self)
                                         ^^^^^^^^^^^^^^^^^^^^^^^^^^
  File "E:\woltrio\DejiEMRAPI\.venv\Lib\site-packages\sqlalchemy\engine\create.py", line 574, in connect
    return dialect.connect(*cargs, **cparams)
           ^^^^^^^^^^^^^^^^^^^^^^^^^^^^^^^^^^
  File "E:\woltrio\DejiEMRAPI\.venv\Lib\site-packages\sqlalchemy\engine\default.py", line 598, in connect
    return self.dbapi.connect(*cargs, **cparams)
           ^^^^^^^^^^^^^^^^^^^^^^^^^^^^^^^^^^^^^
  File "E:\woltrio\DejiEMRAPI\.venv\Lib\site-packages\psycopg2\__init__.py", line 122, in connect
    conn = _connect(dsn, connection_factory=connection_factory, **kwasync)
           ^^^^^^^^^^^^^^^^^^^^^^^^^^^^^^^^^^^^^^^^^^^^^^^^^^^^^^^^^^^^^^^
psycopg2.OperationalError: connection to server at "localhost" (::1), port 5432 failed: FATAL:  password authentication failed for user "user"


The above exception was the direct cause of the following exception:

Traceback (most recent call last):
  File "E:\woltrio\DejiEMRAPI\.venv\Lib\site-packages\flask\app.py", line 2190, in wsgi_app
    response = self.full_dispatch_request()
               ^^^^^^^^^^^^^^^^^^^^^^^^^^^^
  File "E:\woltrio\DejiEMRAPI\.venv\Lib\site-packages\flask\app.py", line 1486, in full_dispatch_request
    rv = self.handle_user_exception(e)
         ^^^^^^^^^^^^^^^^^^^^^^^^^^^^^
  File "E:\woltrio\DejiEMRAPI\.venv\Lib\site-packages\flask_cors\extension.py", line 176, in wrapped_function
    return cors_after_request(app.make_response(f(*args, **kwargs)))
                                                ^^^^^^^^^^^^^^^^^^
  File "E:\woltrio\DejiEMRAPI\.venv\Lib\site-packages\flask\app.py", line 1484, in full_dispatch_request
    rv = self.dispatch_request()
         ^^^^^^^^^^^^^^^^^^^^^^^
  File "E:\woltrio\DejiEMRAPI\.venv\Lib\site-packages\flask\app.py", line 1469, in dispatch_request
    return self.ensure_sync(self.view_functions[rule.endpoint])(**view_args)
           ^^^^^^^^^^^^^^^^^^^^^^^^^^^^^^^^^^^^^^^^^^^^^^^^^^^^^^^^^^^^^^^^^
  File "E:\woltrio\DejiEMRAPI\.venv\Lib\site-packages\flask_limiter\extension.py", line 1145, in __inner
    R, flask.current_app.ensure_sync(cast(Callable[P, R], obj))(*a, **k)
       ^^^^^^^^^^^^^^^^^^^^^^^^^^^^^^^^^^^^^^^^^^^^^^^^^^^^^^^^^^^^^^^^^
  File "E:\woltrio\DejiEMRAPI\app\utils\decorators.py", line 40, in decorated_function
    db.session.commit()
  File "<string>", line 2, in commit
  File "E:\woltrio\DejiEMRAPI\.venv\Lib\site-packages\sqlalchemy\orm\session.py", line 1454, in commit
    self._transaction.commit(_to_root=self.future)
  File "E:\woltrio\DejiEMRAPI\.venv\Lib\site-packages\sqlalchemy\orm\session.py", line 832, in commit
    self._prepare_impl()
  File "E:\woltrio\DejiEMRAPI\.venv\Lib\site-packages\sqlalchemy\orm\session.py", line 811, in _prepare_impl
    self.session.flush()
  File "E:\woltrio\DejiEMRAPI\.venv\Lib\site-packages\sqlalchemy\orm\session.py", line 3449, in flush
    self._flush(objects)
  File "E:\woltrio\DejiEMRAPI\.venv\Lib\site-packages\sqlalchemy\orm\session.py", line 3588, in _flush
    with util.safe_reraise():
  File "E:\woltrio\DejiEMRAPI\.venv\Lib\site-packages\sqlalchemy\util\langhelpers.py", line 70, in __exit__
    compat.raise_(
  File "E:\woltrio\DejiEMRAPI\.venv\Lib\site-packages\sqlalchemy\util\compat.py", line 211, in raise_
    raise exception
  File "E:\woltrio\DejiEMRAPI\.venv\Lib\site-packages\sqlalchemy\orm\session.py", line 3549, in _flush
    flush_context.execute()
  File "E:\woltrio\DejiEMRAPI\.venv\Lib\site-packages\sqlalchemy\orm\unitofwork.py", line 456, in execute
    rec.execute(self)
  File "E:\woltrio\DejiEMRAPI\.venv\Lib\site-packages\sqlalchemy\orm\unitofwork.py", line 630, in execute
    util.preloaded.orm_persistence.save_obj(
  File "E:\woltrio\DejiEMRAPI\.venv\Lib\site-packages\sqlalchemy\orm\persistence.py", line 212, in save_obj
    for (
  File "E:\woltrio\DejiEMRAPI\.venv\Lib\site-packages\sqlalchemy\orm\persistence.py", line 373, in _organize_states_for_save
    for state, dict_, mapper, connection in _connections_for_states(
  File "E:\woltrio\DejiEMRAPI\.venv\Lib\site-packages\sqlalchemy\orm\persistence.py", line 1737, in _connections_for_states
    connection = uowtransaction.transaction.connection(base_mapper)
                 ^^^^^^^^^^^^^^^^^^^^^^^^^^^^^^^^^^^^^^^^^^^^^^^^^^
  File "E:\woltrio\DejiEMRAPI\.venv\Lib\site-packages\sqlalchemy\orm\session.py", line 629, in connection
    return self._connection_for_bind(bind, execution_options)
           ^^^^^^^^^^^^^^^^^^^^^^^^^^^^^^^^^^^^^^^^^^^^^^^^^^
  File "E:\woltrio\DejiEMRAPI\.venv\Lib\site-packages\sqlalchemy\orm\session.py", line 738, in _connection_for_bind
    conn = self._parent._connection_for_bind(bind, execution_options)
           ^^^^^^^^^^^^^^^^^^^^^^^^^^^^^^^^^^^^^^^^^^^^^^^^^^^^^^^^^^
  File "E:\woltrio\DejiEMRAPI\.venv\Lib\site-packages\sqlalchemy\orm\session.py", line 750, in _connection_for_bind
    conn = bind.connect()
           ^^^^^^^^^^^^^^
  File "E:\woltrio\DejiEMRAPI\.venv\Lib\site-packages\sqlalchemy\engine\base.py", line 3325, in connect
    return self._connection_cls(self, close_with_result=close_with_result)
           ^^^^^^^^^^^^^^^^^^^^^^^^^^^^^^^^^^^^^^^^^^^^^^^^^^^^^^^^^^^^^^^
  File "E:\woltrio\DejiEMRAPI\.venv\Lib\site-packages\sqlalchemy\engine\base.py", line 96, in __init__
    else engine.raw_connection()
         ^^^^^^^^^^^^^^^^^^^^^^^
  File "E:\woltrio\DejiEMRAPI\.venv\Lib\site-packages\sqlalchemy\engine\base.py", line 3404, in raw_connection
    return self._wrap_pool_connect(self.pool.connect, _connection)
           ^^^^^^^^^^^^^^^^^^^^^^^^^^^^^^^^^^^^^^^^^^^^^^^^^^^^^^^
  File "E:\woltrio\DejiEMRAPI\.venv\Lib\site-packages\sqlalchemy\engine\base.py", line 3374, in _wrap_pool_connect
    Connection._handle_dbapi_exception_noconnection(
  File "E:\woltrio\DejiEMRAPI\.venv\Lib\site-packages\sqlalchemy\engine\base.py", line 2208, in _handle_dbapi_exception_noconnection
    util.raise_(
  File "E:\woltrio\DejiEMRAPI\.venv\Lib\site-packages\sqlalchemy\util\compat.py", line 211, in raise_
    raise exception
  File "E:\woltrio\DejiEMRAPI\.venv\Lib\site-packages\sqlalchemy\engine\base.py", line 3371, in _wrap_pool_connect
    return fn()
           ^^^^
  File "E:\woltrio\DejiEMRAPI\.venv\Lib\site-packages\sqlalchemy\pool\base.py", line 327, in connect
    return _ConnectionFairy._checkout(self)
           ^^^^^^^^^^^^^^^^^^^^^^^^^^^^^^^^
  File "E:\woltrio\DejiEMRAPI\.venv\Lib\site-packages\sqlalchemy\pool\base.py", line 894, in _checkout
    fairy = _ConnectionRecord.checkout(pool)
            ^^^^^^^^^^^^^^^^^^^^^^^^^^^^^^^^
  File "E:\woltrio\DejiEMRAPI\.venv\Lib\site-packages\sqlalchemy\pool\base.py", line 493, in checkout
    rec = pool._do_get()
          ^^^^^^^^^^^^^^
  File "E:\woltrio\DejiEMRAPI\.venv\Lib\site-packages\sqlalchemy\pool\impl.py", line 145, in _do_get
    with util.safe_reraise():
  File "E:\woltrio\DejiEMRAPI\.venv\Lib\site-packages\sqlalchemy\util\langhelpers.py", line 70, in __exit__
    compat.raise_(
  File "E:\woltrio\DejiEMRAPI\.venv\Lib\site-packages\sqlalchemy\util\compat.py", line 211, in raise_
    raise exception
  File "E:\woltrio\DejiEMRAPI\.venv\Lib\site-packages\sqlalchemy\pool\impl.py", line 143, in _do_get
    return self._create_connection()
           ^^^^^^^^^^^^^^^^^^^^^^^^^
  File "E:\woltrio\DejiEMRAPI\.venv\Lib\site-packages\sqlalchemy\pool\base.py", line 273, in _create_connection
    return _ConnectionRecord(self)
           ^^^^^^^^^^^^^^^^^^^^^^^
  File "E:\woltrio\DejiEMRAPI\.venv\Lib\site-packages\sqlalchemy\pool\base.py", line 388, in __init__
    self.__connect()
  File "E:\woltrio\DejiEMRAPI\.venv\Lib\site-packages\sqlalchemy\pool\base.py", line 690, in __connect
    with util.safe_reraise():
  File "E:\woltrio\DejiEMRAPI\.venv\Lib\site-packages\sqlalchemy\util\langhelpers.py", line 70, in __exit__
    compat.raise_(
  File "E:\woltrio\DejiEMRAPI\.venv\Lib\site-packages\sqlalchemy\util\compat.py", line 211, in raise_
    raise exception
  File "E:\woltrio\DejiEMRAPI\.venv\Lib\site-packages\sqlalchemy\pool\base.py", line 686, in __connect
    self.dbapi_connection = connection = pool._invoke_creator(self)
                                         ^^^^^^^^^^^^^^^^^^^^^^^^^^
  File "E:\woltrio\DejiEMRAPI\.venv\Lib\site-packages\sqlalchemy\engine\create.py", line 574, in connect
    return dialect.connect(*cargs, **cparams)
           ^^^^^^^^^^^^^^^^^^^^^^^^^^^^^^^^^^
  File "E:\woltrio\DejiEMRAPI\.venv\Lib\site-packages\sqlalchemy\engine\default.py", line 598, in connect
    return self.dbapi.connect(*cargs, **cparams)
           ^^^^^^^^^^^^^^^^^^^^^^^^^^^^^^^^^^^^^
  File "E:\woltrio\DejiEMRAPI\.venv\Lib\site-packages\psycopg2\__init__.py", line 122, in connect
    conn = _connect(dsn, connection_factory=connection_factory, **kwasync)
           ^^^^^^^^^^^^^^^^^^^^^^^^^^^^^^^^^^^^^^^^^^^^^^^^^^^^^^^^^^^^^^^
sqlalchemy.exc.OperationalError: (psycopg2.OperationalError) connection to server at "localhost" (::1), port 5432 failed: FATAL:  password authentication failed for user "user"

(Background on this error at: https://sqlalche.me/e/14/e3q8)
2025-08-19 12:44:27,943 - HIPAA_AUDIT - ERROR - Internal server error: 500 Internal Server Error: The server encountered an internal error and was unable to complete your request. Either the server is overloaded or there is an error in the application.
2025-08-19 12:44:27,944 - werkzeug - INFO - 127.0.0.1 - - [19/Aug/2025 12:44:27] "[35m[1mPOST /api/auth/register HTTP/1.1[0m" 500 -
2025-08-19 12:50:36,206 - flask_migrate - ERROR - Error: Path doesn't exist: migrations.  Please use the 'init' command to create a new scripts folder.
2025-08-19 12:51:00,037 - flask_migrate - ERROR - Error: Path doesn't exist: migrations.  Please use the 'init' command to create a new scripts folder.
2025-08-19 12:51:38,439 - flask_migrate - ERROR - Error: Path doesn't exist: migrations.  Please use the 'init' command to create a new scripts folder.
2025-08-19 12:54:41,711 - flask_migrate - ERROR - Error: Path doesn't exist: migrations.  Please use the 'init' command to create a new scripts folder.
2025-08-19 12:56:25,422 - flask_migrate - ERROR - Error: Path doesn't exist: migrations.  Please use the 'init' command to create a new scripts folder.
2025-08-19 12:59:12,145 - werkzeug - INFO - [31m[1mWARNING: This is a development server. Do not use it in a production deployment. Use a production WSGI server instead.[0m
 * Running on https://127.0.0.1:5000
2025-08-19 12:59:12,145 - werkzeug - INFO - [33mPress CTRL+C to quit[0m
2025-08-19 12:59:17,021 - app - ERROR - Exception on /api/auth/register [POST]
Traceback (most recent call last):
  File "E:\woltrio\DejiEMRAPI\.venv\Lib\site-packages\sqlalchemy\engine\base.py", line 3371, in _wrap_pool_connect
    return fn()
           ^^^^
  File "E:\woltrio\DejiEMRAPI\.venv\Lib\site-packages\sqlalchemy\pool\base.py", line 327, in connect
    return _ConnectionFairy._checkout(self)
           ^^^^^^^^^^^^^^^^^^^^^^^^^^^^^^^^
  File "E:\woltrio\DejiEMRAPI\.venv\Lib\site-packages\sqlalchemy\pool\base.py", line 894, in _checkout
    fairy = _ConnectionRecord.checkout(pool)
            ^^^^^^^^^^^^^^^^^^^^^^^^^^^^^^^^
  File "E:\woltrio\DejiEMRAPI\.venv\Lib\site-packages\sqlalchemy\pool\base.py", line 493, in checkout
    rec = pool._do_get()
          ^^^^^^^^^^^^^^
  File "E:\woltrio\DejiEMRAPI\.venv\Lib\site-packages\sqlalchemy\pool\impl.py", line 145, in _do_get
    with util.safe_reraise():
  File "E:\woltrio\DejiEMRAPI\.venv\Lib\site-packages\sqlalchemy\util\langhelpers.py", line 70, in __exit__
    compat.raise_(
  File "E:\woltrio\DejiEMRAPI\.venv\Lib\site-packages\sqlalchemy\util\compat.py", line 211, in raise_
    raise exception
  File "E:\woltrio\DejiEMRAPI\.venv\Lib\site-packages\sqlalchemy\pool\impl.py", line 143, in _do_get
    return self._create_connection()
           ^^^^^^^^^^^^^^^^^^^^^^^^^
  File "E:\woltrio\DejiEMRAPI\.venv\Lib\site-packages\sqlalchemy\pool\base.py", line 273, in _create_connection
    return _ConnectionRecord(self)
           ^^^^^^^^^^^^^^^^^^^^^^^
  File "E:\woltrio\DejiEMRAPI\.venv\Lib\site-packages\sqlalchemy\pool\base.py", line 388, in __init__
    self.__connect()
  File "E:\woltrio\DejiEMRAPI\.venv\Lib\site-packages\sqlalchemy\pool\base.py", line 690, in __connect
    with util.safe_reraise():
  File "E:\woltrio\DejiEMRAPI\.venv\Lib\site-packages\sqlalchemy\util\langhelpers.py", line 70, in __exit__
    compat.raise_(
  File "E:\woltrio\DejiEMRAPI\.venv\Lib\site-packages\sqlalchemy\util\compat.py", line 211, in raise_
    raise exception
  File "E:\woltrio\DejiEMRAPI\.venv\Lib\site-packages\sqlalchemy\pool\base.py", line 686, in __connect
    self.dbapi_connection = connection = pool._invoke_creator(self)
                                         ^^^^^^^^^^^^^^^^^^^^^^^^^^
  File "E:\woltrio\DejiEMRAPI\.venv\Lib\site-packages\sqlalchemy\engine\create.py", line 574, in connect
    return dialect.connect(*cargs, **cparams)
           ^^^^^^^^^^^^^^^^^^^^^^^^^^^^^^^^^^
  File "E:\woltrio\DejiEMRAPI\.venv\Lib\site-packages\sqlalchemy\engine\default.py", line 598, in connect
    return self.dbapi.connect(*cargs, **cparams)
           ^^^^^^^^^^^^^^^^^^^^^^^^^^^^^^^^^^^^^
  File "E:\woltrio\DejiEMRAPI\.venv\Lib\site-packages\psycopg2\__init__.py", line 122, in connect
    conn = _connect(dsn, connection_factory=connection_factory, **kwasync)
           ^^^^^^^^^^^^^^^^^^^^^^^^^^^^^^^^^^^^^^^^^^^^^^^^^^^^^^^^^^^^^^^
psycopg2.OperationalError: connection to server at "localhost" (::1), port 5432 failed: FATAL:  password authentication failed for user "user"


The above exception was the direct cause of the following exception:

Traceback (most recent call last):
  File "E:\woltrio\DejiEMRAPI\app\utils\decorators.py", line 22, in decorated_function
    result = f(*args, **kwargs)
             ^^^^^^^^^^^^^^^^^^
  File "E:\woltrio\DejiEMRAPI\app\api\routes.py", line 23, in register
    if User.query.filter((User.username == data['username']) | (User.email == data['email'])).first():
       ^^^^^^^^^^^^^^^^^^^^^^^^^^^^^^^^^^^^^^^^^^^^^^^^^^^^^^^^^^^^^^^^^^^^^^^^^^^^^^^^^^^^^^^^^^^^^^
  File "E:\woltrio\DejiEMRAPI\.venv\Lib\site-packages\sqlalchemy\orm\query.py", line 2824, in first
    return self.limit(1)._iter().first()
           ^^^^^^^^^^^^^^^^^^^^^
  File "E:\woltrio\DejiEMRAPI\.venv\Lib\site-packages\sqlalchemy\orm\query.py", line 2916, in _iter
    result = self.session.execute(
             ^^^^^^^^^^^^^^^^^^^^^
  File "E:\woltrio\DejiEMRAPI\.venv\Lib\site-packages\sqlalchemy\orm\session.py", line 1716, in execute
    conn = self._connection_for_bind(bind)
           ^^^^^^^^^^^^^^^^^^^^^^^^^^^^^^^
  File "E:\woltrio\DejiEMRAPI\.venv\Lib\site-packages\sqlalchemy\orm\session.py", line 1555, in _connection_for_bind
    return self._transaction._connection_for_bind(
           ^^^^^^^^^^^^^^^^^^^^^^^^^^^^^^^^^^^^^^^
  File "E:\woltrio\DejiEMRAPI\.venv\Lib\site-packages\sqlalchemy\orm\session.py", line 750, in _connection_for_bind
    conn = bind.connect()
           ^^^^^^^^^^^^^^
  File "E:\woltrio\DejiEMRAPI\.venv\Lib\site-packages\sqlalchemy\engine\base.py", line 3325, in connect
    return self._connection_cls(self, close_with_result=close_with_result)
           ^^^^^^^^^^^^^^^^^^^^^^^^^^^^^^^^^^^^^^^^^^^^^^^^^^^^^^^^^^^^^^^
  File "E:\woltrio\DejiEMRAPI\.venv\Lib\site-packages\sqlalchemy\engine\base.py", line 96, in __init__
    else engine.raw_connection()
         ^^^^^^^^^^^^^^^^^^^^^^^
  File "E:\woltrio\DejiEMRAPI\.venv\Lib\site-packages\sqlalchemy\engine\base.py", line 3404, in raw_connection
    return self._wrap_pool_connect(self.pool.connect, _connection)
           ^^^^^^^^^^^^^^^^^^^^^^^^^^^^^^^^^^^^^^^^^^^^^^^^^^^^^^^
  File "E:\woltrio\DejiEMRAPI\.venv\Lib\site-packages\sqlalchemy\engine\base.py", line 3374, in _wrap_pool_connect
    Connection._handle_dbapi_exception_noconnection(
  File "E:\woltrio\DejiEMRAPI\.venv\Lib\site-packages\sqlalchemy\engine\base.py", line 2208, in _handle_dbapi_exception_noconnection
    util.raise_(
  File "E:\woltrio\DejiEMRAPI\.venv\Lib\site-packages\sqlalchemy\util\compat.py", line 211, in raise_
    raise exception
  File "E:\woltrio\DejiEMRAPI\.venv\Lib\site-packages\sqlalchemy\engine\base.py", line 3371, in _wrap_pool_connect
    return fn()
           ^^^^
  File "E:\woltrio\DejiEMRAPI\.venv\Lib\site-packages\sqlalchemy\pool\base.py", line 327, in connect
    return _ConnectionFairy._checkout(self)
           ^^^^^^^^^^^^^^^^^^^^^^^^^^^^^^^^
  File "E:\woltrio\DejiEMRAPI\.venv\Lib\site-packages\sqlalchemy\pool\base.py", line 894, in _checkout
    fairy = _ConnectionRecord.checkout(pool)
            ^^^^^^^^^^^^^^^^^^^^^^^^^^^^^^^^
  File "E:\woltrio\DejiEMRAPI\.venv\Lib\site-packages\sqlalchemy\pool\base.py", line 493, in checkout
    rec = pool._do_get()
          ^^^^^^^^^^^^^^
  File "E:\woltrio\DejiEMRAPI\.venv\Lib\site-packages\sqlalchemy\pool\impl.py", line 145, in _do_get
    with util.safe_reraise():
  File "E:\woltrio\DejiEMRAPI\.venv\Lib\site-packages\sqlalchemy\util\langhelpers.py", line 70, in __exit__
    compat.raise_(
  File "E:\woltrio\DejiEMRAPI\.venv\Lib\site-packages\sqlalchemy\util\compat.py", line 211, in raise_
    raise exception
  File "E:\woltrio\DejiEMRAPI\.venv\Lib\site-packages\sqlalchemy\pool\impl.py", line 143, in _do_get
    return self._create_connection()
           ^^^^^^^^^^^^^^^^^^^^^^^^^
  File "E:\woltrio\DejiEMRAPI\.venv\Lib\site-packages\sqlalchemy\pool\base.py", line 273, in _create_connection
    return _ConnectionRecord(self)
           ^^^^^^^^^^^^^^^^^^^^^^^
  File "E:\woltrio\DejiEMRAPI\.venv\Lib\site-packages\sqlalchemy\pool\base.py", line 388, in __init__
    self.__connect()
  File "E:\woltrio\DejiEMRAPI\.venv\Lib\site-packages\sqlalchemy\pool\base.py", line 690, in __connect
    with util.safe_reraise():
  File "E:\woltrio\DejiEMRAPI\.venv\Lib\site-packages\sqlalchemy\util\langhelpers.py", line 70, in __exit__
    compat.raise_(
  File "E:\woltrio\DejiEMRAPI\.venv\Lib\site-packages\sqlalchemy\util\compat.py", line 211, in raise_
    raise exception
  File "E:\woltrio\DejiEMRAPI\.venv\Lib\site-packages\sqlalchemy\pool\base.py", line 686, in __connect
    self.dbapi_connection = connection = pool._invoke_creator(self)
                                         ^^^^^^^^^^^^^^^^^^^^^^^^^^
  File "E:\woltrio\DejiEMRAPI\.venv\Lib\site-packages\sqlalchemy\engine\create.py", line 574, in connect
    return dialect.connect(*cargs, **cparams)
           ^^^^^^^^^^^^^^^^^^^^^^^^^^^^^^^^^^
  File "E:\woltrio\DejiEMRAPI\.venv\Lib\site-packages\sqlalchemy\engine\default.py", line 598, in connect
    return self.dbapi.connect(*cargs, **cparams)
           ^^^^^^^^^^^^^^^^^^^^^^^^^^^^^^^^^^^^^
  File "E:\woltrio\DejiEMRAPI\.venv\Lib\site-packages\psycopg2\__init__.py", line 122, in connect
    conn = _connect(dsn, connection_factory=connection_factory, **kwasync)
           ^^^^^^^^^^^^^^^^^^^^^^^^^^^^^^^^^^^^^^^^^^^^^^^^^^^^^^^^^^^^^^^
sqlalchemy.exc.OperationalError: (psycopg2.OperationalError) connection to server at "localhost" (::1), port 5432 failed: FATAL:  password authentication failed for user "user"

(Background on this error at: https://sqlalche.me/e/14/e3q8)

During handling of the above exception, another exception occurred:

Traceback (most recent call last):
  File "E:\woltrio\DejiEMRAPI\.venv\Lib\site-packages\sqlalchemy\engine\base.py", line 3371, in _wrap_pool_connect
    return fn()
           ^^^^
  File "E:\woltrio\DejiEMRAPI\.venv\Lib\site-packages\sqlalchemy\pool\base.py", line 327, in connect
    return _ConnectionFairy._checkout(self)
           ^^^^^^^^^^^^^^^^^^^^^^^^^^^^^^^^
  File "E:\woltrio\DejiEMRAPI\.venv\Lib\site-packages\sqlalchemy\pool\base.py", line 894, in _checkout
    fairy = _ConnectionRecord.checkout(pool)
            ^^^^^^^^^^^^^^^^^^^^^^^^^^^^^^^^
  File "E:\woltrio\DejiEMRAPI\.venv\Lib\site-packages\sqlalchemy\pool\base.py", line 493, in checkout
    rec = pool._do_get()
          ^^^^^^^^^^^^^^
  File "E:\woltrio\DejiEMRAPI\.venv\Lib\site-packages\sqlalchemy\pool\impl.py", line 145, in _do_get
    with util.safe_reraise():
  File "E:\woltrio\DejiEMRAPI\.venv\Lib\site-packages\sqlalchemy\util\langhelpers.py", line 70, in __exit__
    compat.raise_(
  File "E:\woltrio\DejiEMRAPI\.venv\Lib\site-packages\sqlalchemy\util\compat.py", line 211, in raise_
    raise exception
  File "E:\woltrio\DejiEMRAPI\.venv\Lib\site-packages\sqlalchemy\pool\impl.py", line 143, in _do_get
    return self._create_connection()
           ^^^^^^^^^^^^^^^^^^^^^^^^^
  File "E:\woltrio\DejiEMRAPI\.venv\Lib\site-packages\sqlalchemy\pool\base.py", line 273, in _create_connection
    return _ConnectionRecord(self)
           ^^^^^^^^^^^^^^^^^^^^^^^
  File "E:\woltrio\DejiEMRAPI\.venv\Lib\site-packages\sqlalchemy\pool\base.py", line 388, in __init__
    self.__connect()
  File "E:\woltrio\DejiEMRAPI\.venv\Lib\site-packages\sqlalchemy\pool\base.py", line 690, in __connect
    with util.safe_reraise():
  File "E:\woltrio\DejiEMRAPI\.venv\Lib\site-packages\sqlalchemy\util\langhelpers.py", line 70, in __exit__
    compat.raise_(
  File "E:\woltrio\DejiEMRAPI\.venv\Lib\site-packages\sqlalchemy\util\compat.py", line 211, in raise_
    raise exception
  File "E:\woltrio\DejiEMRAPI\.venv\Lib\site-packages\sqlalchemy\pool\base.py", line 686, in __connect
    self.dbapi_connection = connection = pool._invoke_creator(self)
                                         ^^^^^^^^^^^^^^^^^^^^^^^^^^
  File "E:\woltrio\DejiEMRAPI\.venv\Lib\site-packages\sqlalchemy\engine\create.py", line 574, in connect
    return dialect.connect(*cargs, **cparams)
           ^^^^^^^^^^^^^^^^^^^^^^^^^^^^^^^^^^
  File "E:\woltrio\DejiEMRAPI\.venv\Lib\site-packages\sqlalchemy\engine\default.py", line 598, in connect
    return self.dbapi.connect(*cargs, **cparams)
           ^^^^^^^^^^^^^^^^^^^^^^^^^^^^^^^^^^^^^
  File "E:\woltrio\DejiEMRAPI\.venv\Lib\site-packages\psycopg2\__init__.py", line 122, in connect
    conn = _connect(dsn, connection_factory=connection_factory, **kwasync)
           ^^^^^^^^^^^^^^^^^^^^^^^^^^^^^^^^^^^^^^^^^^^^^^^^^^^^^^^^^^^^^^^
psycopg2.OperationalError: connection to server at "localhost" (::1), port 5432 failed: FATAL:  password authentication failed for user "user"


The above exception was the direct cause of the following exception:

Traceback (most recent call last):
  File "E:\woltrio\DejiEMRAPI\.venv\Lib\site-packages\flask\app.py", line 2190, in wsgi_app
    response = self.full_dispatch_request()
               ^^^^^^^^^^^^^^^^^^^^^^^^^^^^
  File "E:\woltrio\DejiEMRAPI\.venv\Lib\site-packages\flask\app.py", line 1486, in full_dispatch_request
    rv = self.handle_user_exception(e)
         ^^^^^^^^^^^^^^^^^^^^^^^^^^^^^
  File "E:\woltrio\DejiEMRAPI\.venv\Lib\site-packages\flask_cors\extension.py", line 176, in wrapped_function
    return cors_after_request(app.make_response(f(*args, **kwargs)))
                                                ^^^^^^^^^^^^^^^^^^
  File "E:\woltrio\DejiEMRAPI\.venv\Lib\site-packages\flask\app.py", line 1484, in full_dispatch_request
    rv = self.dispatch_request()
         ^^^^^^^^^^^^^^^^^^^^^^^
  File "E:\woltrio\DejiEMRAPI\.venv\Lib\site-packages\flask\app.py", line 1469, in dispatch_request
    return self.ensure_sync(self.view_functions[rule.endpoint])(**view_args)
           ^^^^^^^^^^^^^^^^^^^^^^^^^^^^^^^^^^^^^^^^^^^^^^^^^^^^^^^^^^^^^^^^^
  File "E:\woltrio\DejiEMRAPI\.venv\Lib\site-packages\flask_limiter\extension.py", line 1145, in __inner
    R, flask.current_app.ensure_sync(cast(Callable[P, R], obj))(*a, **k)
       ^^^^^^^^^^^^^^^^^^^^^^^^^^^^^^^^^^^^^^^^^^^^^^^^^^^^^^^^^^^^^^^^^
  File "E:\woltrio\DejiEMRAPI\app\utils\decorators.py", line 40, in decorated_function
    db.session.commit()
  File "<string>", line 2, in commit
  File "E:\woltrio\DejiEMRAPI\.venv\Lib\site-packages\sqlalchemy\orm\session.py", line 1454, in commit
    self._transaction.commit(_to_root=self.future)
  File "E:\woltrio\DejiEMRAPI\.venv\Lib\site-packages\sqlalchemy\orm\session.py", line 832, in commit
    self._prepare_impl()
  File "E:\woltrio\DejiEMRAPI\.venv\Lib\site-packages\sqlalchemy\orm\session.py", line 811, in _prepare_impl
    self.session.flush()
  File "E:\woltrio\DejiEMRAPI\.venv\Lib\site-packages\sqlalchemy\orm\session.py", line 3449, in flush
    self._flush(objects)
  File "E:\woltrio\DejiEMRAPI\.venv\Lib\site-packages\sqlalchemy\orm\session.py", line 3588, in _flush
    with util.safe_reraise():
  File "E:\woltrio\DejiEMRAPI\.venv\Lib\site-packages\sqlalchemy\util\langhelpers.py", line 70, in __exit__
    compat.raise_(
  File "E:\woltrio\DejiEMRAPI\.venv\Lib\site-packages\sqlalchemy\util\compat.py", line 211, in raise_
    raise exception
  File "E:\woltrio\DejiEMRAPI\.venv\Lib\site-packages\sqlalchemy\orm\session.py", line 3549, in _flush
    flush_context.execute()
  File "E:\woltrio\DejiEMRAPI\.venv\Lib\site-packages\sqlalchemy\orm\unitofwork.py", line 456, in execute
    rec.execute(self)
  File "E:\woltrio\DejiEMRAPI\.venv\Lib\site-packages\sqlalchemy\orm\unitofwork.py", line 630, in execute
    util.preloaded.orm_persistence.save_obj(
  File "E:\woltrio\DejiEMRAPI\.venv\Lib\site-packages\sqlalchemy\orm\persistence.py", line 212, in save_obj
    for (
  File "E:\woltrio\DejiEMRAPI\.venv\Lib\site-packages\sqlalchemy\orm\persistence.py", line 373, in _organize_states_for_save
    for state, dict_, mapper, connection in _connections_for_states(
  File "E:\woltrio\DejiEMRAPI\.venv\Lib\site-packages\sqlalchemy\orm\persistence.py", line 1737, in _connections_for_states
    connection = uowtransaction.transaction.connection(base_mapper)
                 ^^^^^^^^^^^^^^^^^^^^^^^^^^^^^^^^^^^^^^^^^^^^^^^^^^
  File "E:\woltrio\DejiEMRAPI\.venv\Lib\site-packages\sqlalchemy\orm\session.py", line 629, in connection
    return self._connection_for_bind(bind, execution_options)
           ^^^^^^^^^^^^^^^^^^^^^^^^^^^^^^^^^^^^^^^^^^^^^^^^^^
  File "E:\woltrio\DejiEMRAPI\.venv\Lib\site-packages\sqlalchemy\orm\session.py", line 738, in _connection_for_bind
    conn = self._parent._connection_for_bind(bind, execution_options)
           ^^^^^^^^^^^^^^^^^^^^^^^^^^^^^^^^^^^^^^^^^^^^^^^^^^^^^^^^^^
  File "E:\woltrio\DejiEMRAPI\.venv\Lib\site-packages\sqlalchemy\orm\session.py", line 750, in _connection_for_bind
    conn = bind.connect()
           ^^^^^^^^^^^^^^
  File "E:\woltrio\DejiEMRAPI\.venv\Lib\site-packages\sqlalchemy\engine\base.py", line 3325, in connect
    return self._connection_cls(self, close_with_result=close_with_result)
           ^^^^^^^^^^^^^^^^^^^^^^^^^^^^^^^^^^^^^^^^^^^^^^^^^^^^^^^^^^^^^^^
  File "E:\woltrio\DejiEMRAPI\.venv\Lib\site-packages\sqlalchemy\engine\base.py", line 96, in __init__
    else engine.raw_connection()
         ^^^^^^^^^^^^^^^^^^^^^^^
  File "E:\woltrio\DejiEMRAPI\.venv\Lib\site-packages\sqlalchemy\engine\base.py", line 3404, in raw_connection
    return self._wrap_pool_connect(self.pool.connect, _connection)
           ^^^^^^^^^^^^^^^^^^^^^^^^^^^^^^^^^^^^^^^^^^^^^^^^^^^^^^^
  File "E:\woltrio\DejiEMRAPI\.venv\Lib\site-packages\sqlalchemy\engine\base.py", line 3374, in _wrap_pool_connect
    Connection._handle_dbapi_exception_noconnection(
  File "E:\woltrio\DejiEMRAPI\.venv\Lib\site-packages\sqlalchemy\engine\base.py", line 2208, in _handle_dbapi_exception_noconnection
    util.raise_(
  File "E:\woltrio\DejiEMRAPI\.venv\Lib\site-packages\sqlalchemy\util\compat.py", line 211, in raise_
    raise exception
  File "E:\woltrio\DejiEMRAPI\.venv\Lib\site-packages\sqlalchemy\engine\base.py", line 3371, in _wrap_pool_connect
    return fn()
           ^^^^
  File "E:\woltrio\DejiEMRAPI\.venv\Lib\site-packages\sqlalchemy\pool\base.py", line 327, in connect
    return _ConnectionFairy._checkout(self)
           ^^^^^^^^^^^^^^^^^^^^^^^^^^^^^^^^
  File "E:\woltrio\DejiEMRAPI\.venv\Lib\site-packages\sqlalchemy\pool\base.py", line 894, in _checkout
    fairy = _ConnectionRecord.checkout(pool)
            ^^^^^^^^^^^^^^^^^^^^^^^^^^^^^^^^
  File "E:\woltrio\DejiEMRAPI\.venv\Lib\site-packages\sqlalchemy\pool\base.py", line 493, in checkout
    rec = pool._do_get()
          ^^^^^^^^^^^^^^
  File "E:\woltrio\DejiEMRAPI\.venv\Lib\site-packages\sqlalchemy\pool\impl.py", line 145, in _do_get
    with util.safe_reraise():
  File "E:\woltrio\DejiEMRAPI\.venv\Lib\site-packages\sqlalchemy\util\langhelpers.py", line 70, in __exit__
    compat.raise_(
  File "E:\woltrio\DejiEMRAPI\.venv\Lib\site-packages\sqlalchemy\util\compat.py", line 211, in raise_
    raise exception
  File "E:\woltrio\DejiEMRAPI\.venv\Lib\site-packages\sqlalchemy\pool\impl.py", line 143, in _do_get
    return self._create_connection()
           ^^^^^^^^^^^^^^^^^^^^^^^^^
  File "E:\woltrio\DejiEMRAPI\.venv\Lib\site-packages\sqlalchemy\pool\base.py", line 273, in _create_connection
    return _ConnectionRecord(self)
           ^^^^^^^^^^^^^^^^^^^^^^^
  File "E:\woltrio\DejiEMRAPI\.venv\Lib\site-packages\sqlalchemy\pool\base.py", line 388, in __init__
    self.__connect()
  File "E:\woltrio\DejiEMRAPI\.venv\Lib\site-packages\sqlalchemy\pool\base.py", line 690, in __connect
    with util.safe_reraise():
  File "E:\woltrio\DejiEMRAPI\.venv\Lib\site-packages\sqlalchemy\util\langhelpers.py", line 70, in __exit__
    compat.raise_(
  File "E:\woltrio\DejiEMRAPI\.venv\Lib\site-packages\sqlalchemy\util\compat.py", line 211, in raise_
    raise exception
  File "E:\woltrio\DejiEMRAPI\.venv\Lib\site-packages\sqlalchemy\pool\base.py", line 686, in __connect
    self.dbapi_connection = connection = pool._invoke_creator(self)
                                         ^^^^^^^^^^^^^^^^^^^^^^^^^^
  File "E:\woltrio\DejiEMRAPI\.venv\Lib\site-packages\sqlalchemy\engine\create.py", line 574, in connect
    return dialect.connect(*cargs, **cparams)
           ^^^^^^^^^^^^^^^^^^^^^^^^^^^^^^^^^^
  File "E:\woltrio\DejiEMRAPI\.venv\Lib\site-packages\sqlalchemy\engine\default.py", line 598, in connect
    return self.dbapi.connect(*cargs, **cparams)
           ^^^^^^^^^^^^^^^^^^^^^^^^^^^^^^^^^^^^^
  File "E:\woltrio\DejiEMRAPI\.venv\Lib\site-packages\psycopg2\__init__.py", line 122, in connect
    conn = _connect(dsn, connection_factory=connection_factory, **kwasync)
           ^^^^^^^^^^^^^^^^^^^^^^^^^^^^^^^^^^^^^^^^^^^^^^^^^^^^^^^^^^^^^^^
sqlalchemy.exc.OperationalError: (psycopg2.OperationalError) connection to server at "localhost" (::1), port 5432 failed: FATAL:  password authentication failed for user "user"

(Background on this error at: https://sqlalche.me/e/14/e3q8)
2025-08-19 12:59:17,031 - HIPAA_AUDIT - ERROR - Internal server error: 500 Internal Server Error: The server encountered an internal error and was unable to complete your request. Either the server is overloaded or there is an error in the application.
2025-08-19 12:59:17,031 - werkzeug - INFO - 127.0.0.1 - - [19/Aug/2025 12:59:17] "[35m[1mPOST /api/auth/register HTTP/1.1[0m" 500 -
2025-08-19 13:01:11,873 - app - ERROR - Exception on /api/auth/register [POST]
Traceback (most recent call last):
  File "E:\woltrio\DejiEMRAPI\.venv\Lib\site-packages\sqlalchemy\engine\base.py", line 3371, in _wrap_pool_connect
    return fn()
           ^^^^
  File "E:\woltrio\DejiEMRAPI\.venv\Lib\site-packages\sqlalchemy\pool\base.py", line 327, in connect
    return _ConnectionFairy._checkout(self)
           ^^^^^^^^^^^^^^^^^^^^^^^^^^^^^^^^
  File "E:\woltrio\DejiEMRAPI\.venv\Lib\site-packages\sqlalchemy\pool\base.py", line 894, in _checkout
    fairy = _ConnectionRecord.checkout(pool)
            ^^^^^^^^^^^^^^^^^^^^^^^^^^^^^^^^
  File "E:\woltrio\DejiEMRAPI\.venv\Lib\site-packages\sqlalchemy\pool\base.py", line 493, in checkout
    rec = pool._do_get()
          ^^^^^^^^^^^^^^
  File "E:\woltrio\DejiEMRAPI\.venv\Lib\site-packages\sqlalchemy\pool\impl.py", line 145, in _do_get
    with util.safe_reraise():
  File "E:\woltrio\DejiEMRAPI\.venv\Lib\site-packages\sqlalchemy\util\langhelpers.py", line 70, in __exit__
    compat.raise_(
  File "E:\woltrio\DejiEMRAPI\.venv\Lib\site-packages\sqlalchemy\util\compat.py", line 211, in raise_
    raise exception
  File "E:\woltrio\DejiEMRAPI\.venv\Lib\site-packages\sqlalchemy\pool\impl.py", line 143, in _do_get
    return self._create_connection()
           ^^^^^^^^^^^^^^^^^^^^^^^^^
  File "E:\woltrio\DejiEMRAPI\.venv\Lib\site-packages\sqlalchemy\pool\base.py", line 273, in _create_connection
    return _ConnectionRecord(self)
           ^^^^^^^^^^^^^^^^^^^^^^^
  File "E:\woltrio\DejiEMRAPI\.venv\Lib\site-packages\sqlalchemy\pool\base.py", line 388, in __init__
    self.__connect()
  File "E:\woltrio\DejiEMRAPI\.venv\Lib\site-packages\sqlalchemy\pool\base.py", line 690, in __connect
    with util.safe_reraise():
  File "E:\woltrio\DejiEMRAPI\.venv\Lib\site-packages\sqlalchemy\util\langhelpers.py", line 70, in __exit__
    compat.raise_(
  File "E:\woltrio\DejiEMRAPI\.venv\Lib\site-packages\sqlalchemy\util\compat.py", line 211, in raise_
    raise exception
  File "E:\woltrio\DejiEMRAPI\.venv\Lib\site-packages\sqlalchemy\pool\base.py", line 686, in __connect
    self.dbapi_connection = connection = pool._invoke_creator(self)
                                         ^^^^^^^^^^^^^^^^^^^^^^^^^^
  File "E:\woltrio\DejiEMRAPI\.venv\Lib\site-packages\sqlalchemy\engine\create.py", line 574, in connect
    return dialect.connect(*cargs, **cparams)
           ^^^^^^^^^^^^^^^^^^^^^^^^^^^^^^^^^^
  File "E:\woltrio\DejiEMRAPI\.venv\Lib\site-packages\sqlalchemy\engine\default.py", line 598, in connect
    return self.dbapi.connect(*cargs, **cparams)
           ^^^^^^^^^^^^^^^^^^^^^^^^^^^^^^^^^^^^^
  File "E:\woltrio\DejiEMRAPI\.venv\Lib\site-packages\psycopg2\__init__.py", line 122, in connect
    conn = _connect(dsn, connection_factory=connection_factory, **kwasync)
           ^^^^^^^^^^^^^^^^^^^^^^^^^^^^^^^^^^^^^^^^^^^^^^^^^^^^^^^^^^^^^^^
psycopg2.OperationalError: connection to server at "localhost" (::1), port 5432 failed: FATAL:  password authentication failed for user "user"


The above exception was the direct cause of the following exception:

Traceback (most recent call last):
  File "E:\woltrio\DejiEMRAPI\app\utils\decorators.py", line 22, in decorated_function
    result = f(*args, **kwargs)
             ^^^^^^^^^^^^^^^^^^
  File "E:\woltrio\DejiEMRAPI\app\api\routes.py", line 23, in register
    if User.query.filter((User.username == data['username']) | (User.email == data['email'])).first():
       ^^^^^^^^^^^^^^^^^^^^^^^^^^^^^^^^^^^^^^^^^^^^^^^^^^^^^^^^^^^^^^^^^^^^^^^^^^^^^^^^^^^^^^^^^^^^^^
  File "E:\woltrio\DejiEMRAPI\.venv\Lib\site-packages\sqlalchemy\orm\query.py", line 2824, in first
    return self.limit(1)._iter().first()
           ^^^^^^^^^^^^^^^^^^^^^
  File "E:\woltrio\DejiEMRAPI\.venv\Lib\site-packages\sqlalchemy\orm\query.py", line 2916, in _iter
    result = self.session.execute(
             ^^^^^^^^^^^^^^^^^^^^^
  File "E:\woltrio\DejiEMRAPI\.venv\Lib\site-packages\sqlalchemy\orm\session.py", line 1716, in execute
    conn = self._connection_for_bind(bind)
           ^^^^^^^^^^^^^^^^^^^^^^^^^^^^^^^
  File "E:\woltrio\DejiEMRAPI\.venv\Lib\site-packages\sqlalchemy\orm\session.py", line 1555, in _connection_for_bind
    return self._transaction._connection_for_bind(
           ^^^^^^^^^^^^^^^^^^^^^^^^^^^^^^^^^^^^^^^
  File "E:\woltrio\DejiEMRAPI\.venv\Lib\site-packages\sqlalchemy\orm\session.py", line 750, in _connection_for_bind
    conn = bind.connect()
           ^^^^^^^^^^^^^^
  File "E:\woltrio\DejiEMRAPI\.venv\Lib\site-packages\sqlalchemy\engine\base.py", line 3325, in connect
    return self._connection_cls(self, close_with_result=close_with_result)
           ^^^^^^^^^^^^^^^^^^^^^^^^^^^^^^^^^^^^^^^^^^^^^^^^^^^^^^^^^^^^^^^
  File "E:\woltrio\DejiEMRAPI\.venv\Lib\site-packages\sqlalchemy\engine\base.py", line 96, in __init__
    else engine.raw_connection()
         ^^^^^^^^^^^^^^^^^^^^^^^
  File "E:\woltrio\DejiEMRAPI\.venv\Lib\site-packages\sqlalchemy\engine\base.py", line 3404, in raw_connection
    return self._wrap_pool_connect(self.pool.connect, _connection)
           ^^^^^^^^^^^^^^^^^^^^^^^^^^^^^^^^^^^^^^^^^^^^^^^^^^^^^^^
  File "E:\woltrio\DejiEMRAPI\.venv\Lib\site-packages\sqlalchemy\engine\base.py", line 3374, in _wrap_pool_connect
    Connection._handle_dbapi_exception_noconnection(
  File "E:\woltrio\DejiEMRAPI\.venv\Lib\site-packages\sqlalchemy\engine\base.py", line 2208, in _handle_dbapi_exception_noconnection
    util.raise_(
  File "E:\woltrio\DejiEMRAPI\.venv\Lib\site-packages\sqlalchemy\util\compat.py", line 211, in raise_
    raise exception
  File "E:\woltrio\DejiEMRAPI\.venv\Lib\site-packages\sqlalchemy\engine\base.py", line 3371, in _wrap_pool_connect
    return fn()
           ^^^^
  File "E:\woltrio\DejiEMRAPI\.venv\Lib\site-packages\sqlalchemy\pool\base.py", line 327, in connect
    return _ConnectionFairy._checkout(self)
           ^^^^^^^^^^^^^^^^^^^^^^^^^^^^^^^^
  File "E:\woltrio\DejiEMRAPI\.venv\Lib\site-packages\sqlalchemy\pool\base.py", line 894, in _checkout
    fairy = _ConnectionRecord.checkout(pool)
            ^^^^^^^^^^^^^^^^^^^^^^^^^^^^^^^^
  File "E:\woltrio\DejiEMRAPI\.venv\Lib\site-packages\sqlalchemy\pool\base.py", line 493, in checkout
    rec = pool._do_get()
          ^^^^^^^^^^^^^^
  File "E:\woltrio\DejiEMRAPI\.venv\Lib\site-packages\sqlalchemy\pool\impl.py", line 145, in _do_get
    with util.safe_reraise():
  File "E:\woltrio\DejiEMRAPI\.venv\Lib\site-packages\sqlalchemy\util\langhelpers.py", line 70, in __exit__
    compat.raise_(
  File "E:\woltrio\DejiEMRAPI\.venv\Lib\site-packages\sqlalchemy\util\compat.py", line 211, in raise_
    raise exception
  File "E:\woltrio\DejiEMRAPI\.venv\Lib\site-packages\sqlalchemy\pool\impl.py", line 143, in _do_get
    return self._create_connection()
           ^^^^^^^^^^^^^^^^^^^^^^^^^
  File "E:\woltrio\DejiEMRAPI\.venv\Lib\site-packages\sqlalchemy\pool\base.py", line 273, in _create_connection
    return _ConnectionRecord(self)
           ^^^^^^^^^^^^^^^^^^^^^^^
  File "E:\woltrio\DejiEMRAPI\.venv\Lib\site-packages\sqlalchemy\pool\base.py", line 388, in __init__
    self.__connect()
  File "E:\woltrio\DejiEMRAPI\.venv\Lib\site-packages\sqlalchemy\pool\base.py", line 690, in __connect
    with util.safe_reraise():
  File "E:\woltrio\DejiEMRAPI\.venv\Lib\site-packages\sqlalchemy\util\langhelpers.py", line 70, in __exit__
    compat.raise_(
  File "E:\woltrio\DejiEMRAPI\.venv\Lib\site-packages\sqlalchemy\util\compat.py", line 211, in raise_
    raise exception
  File "E:\woltrio\DejiEMRAPI\.venv\Lib\site-packages\sqlalchemy\pool\base.py", line 686, in __connect
    self.dbapi_connection = connection = pool._invoke_creator(self)
                                         ^^^^^^^^^^^^^^^^^^^^^^^^^^
  File "E:\woltrio\DejiEMRAPI\.venv\Lib\site-packages\sqlalchemy\engine\create.py", line 574, in connect
    return dialect.connect(*cargs, **cparams)
           ^^^^^^^^^^^^^^^^^^^^^^^^^^^^^^^^^^
  File "E:\woltrio\DejiEMRAPI\.venv\Lib\site-packages\sqlalchemy\engine\default.py", line 598, in connect
    return self.dbapi.connect(*cargs, **cparams)
           ^^^^^^^^^^^^^^^^^^^^^^^^^^^^^^^^^^^^^
  File "E:\woltrio\DejiEMRAPI\.venv\Lib\site-packages\psycopg2\__init__.py", line 122, in connect
    conn = _connect(dsn, connection_factory=connection_factory, **kwasync)
           ^^^^^^^^^^^^^^^^^^^^^^^^^^^^^^^^^^^^^^^^^^^^^^^^^^^^^^^^^^^^^^^
sqlalchemy.exc.OperationalError: (psycopg2.OperationalError) connection to server at "localhost" (::1), port 5432 failed: FATAL:  password authentication failed for user "user"

(Background on this error at: https://sqlalche.me/e/14/e3q8)

During handling of the above exception, another exception occurred:

Traceback (most recent call last):
  File "E:\woltrio\DejiEMRAPI\.venv\Lib\site-packages\sqlalchemy\engine\base.py", line 3371, in _wrap_pool_connect
    return fn()
           ^^^^
  File "E:\woltrio\DejiEMRAPI\.venv\Lib\site-packages\sqlalchemy\pool\base.py", line 327, in connect
    return _ConnectionFairy._checkout(self)
           ^^^^^^^^^^^^^^^^^^^^^^^^^^^^^^^^
  File "E:\woltrio\DejiEMRAPI\.venv\Lib\site-packages\sqlalchemy\pool\base.py", line 894, in _checkout
    fairy = _ConnectionRecord.checkout(pool)
            ^^^^^^^^^^^^^^^^^^^^^^^^^^^^^^^^
  File "E:\woltrio\DejiEMRAPI\.venv\Lib\site-packages\sqlalchemy\pool\base.py", line 493, in checkout
    rec = pool._do_get()
          ^^^^^^^^^^^^^^
  File "E:\woltrio\DejiEMRAPI\.venv\Lib\site-packages\sqlalchemy\pool\impl.py", line 145, in _do_get
    with util.safe_reraise():
  File "E:\woltrio\DejiEMRAPI\.venv\Lib\site-packages\sqlalchemy\util\langhelpers.py", line 70, in __exit__
    compat.raise_(
  File "E:\woltrio\DejiEMRAPI\.venv\Lib\site-packages\sqlalchemy\util\compat.py", line 211, in raise_
    raise exception
  File "E:\woltrio\DejiEMRAPI\.venv\Lib\site-packages\sqlalchemy\pool\impl.py", line 143, in _do_get
    return self._create_connection()
           ^^^^^^^^^^^^^^^^^^^^^^^^^
  File "E:\woltrio\DejiEMRAPI\.venv\Lib\site-packages\sqlalchemy\pool\base.py", line 273, in _create_connection
    return _ConnectionRecord(self)
           ^^^^^^^^^^^^^^^^^^^^^^^
  File "E:\woltrio\DejiEMRAPI\.venv\Lib\site-packages\sqlalchemy\pool\base.py", line 388, in __init__
    self.__connect()
  File "E:\woltrio\DejiEMRAPI\.venv\Lib\site-packages\sqlalchemy\pool\base.py", line 690, in __connect
    with util.safe_reraise():
  File "E:\woltrio\DejiEMRAPI\.venv\Lib\site-packages\sqlalchemy\util\langhelpers.py", line 70, in __exit__
    compat.raise_(
  File "E:\woltrio\DejiEMRAPI\.venv\Lib\site-packages\sqlalchemy\util\compat.py", line 211, in raise_
    raise exception
  File "E:\woltrio\DejiEMRAPI\.venv\Lib\site-packages\sqlalchemy\pool\base.py", line 686, in __connect
    self.dbapi_connection = connection = pool._invoke_creator(self)
                                         ^^^^^^^^^^^^^^^^^^^^^^^^^^
  File "E:\woltrio\DejiEMRAPI\.venv\Lib\site-packages\sqlalchemy\engine\create.py", line 574, in connect
    return dialect.connect(*cargs, **cparams)
           ^^^^^^^^^^^^^^^^^^^^^^^^^^^^^^^^^^
  File "E:\woltrio\DejiEMRAPI\.venv\Lib\site-packages\sqlalchemy\engine\default.py", line 598, in connect
    return self.dbapi.connect(*cargs, **cparams)
           ^^^^^^^^^^^^^^^^^^^^^^^^^^^^^^^^^^^^^
  File "E:\woltrio\DejiEMRAPI\.venv\Lib\site-packages\psycopg2\__init__.py", line 122, in connect
    conn = _connect(dsn, connection_factory=connection_factory, **kwasync)
           ^^^^^^^^^^^^^^^^^^^^^^^^^^^^^^^^^^^^^^^^^^^^^^^^^^^^^^^^^^^^^^^
psycopg2.OperationalError: connection to server at "localhost" (::1), port 5432 failed: FATAL:  password authentication failed for user "user"


The above exception was the direct cause of the following exception:

Traceback (most recent call last):
  File "E:\woltrio\DejiEMRAPI\.venv\Lib\site-packages\flask\app.py", line 2190, in wsgi_app
    response = self.full_dispatch_request()
               ^^^^^^^^^^^^^^^^^^^^^^^^^^^^
  File "E:\woltrio\DejiEMRAPI\.venv\Lib\site-packages\flask\app.py", line 1486, in full_dispatch_request
    rv = self.handle_user_exception(e)
         ^^^^^^^^^^^^^^^^^^^^^^^^^^^^^
  File "E:\woltrio\DejiEMRAPI\.venv\Lib\site-packages\flask_cors\extension.py", line 176, in wrapped_function
    return cors_after_request(app.make_response(f(*args, **kwargs)))
                                                ^^^^^^^^^^^^^^^^^^
  File "E:\woltrio\DejiEMRAPI\.venv\Lib\site-packages\flask\app.py", line 1484, in full_dispatch_request
    rv = self.dispatch_request()
         ^^^^^^^^^^^^^^^^^^^^^^^
  File "E:\woltrio\DejiEMRAPI\.venv\Lib\site-packages\flask\app.py", line 1469, in dispatch_request
    return self.ensure_sync(self.view_functions[rule.endpoint])(**view_args)
           ^^^^^^^^^^^^^^^^^^^^^^^^^^^^^^^^^^^^^^^^^^^^^^^^^^^^^^^^^^^^^^^^^
  File "E:\woltrio\DejiEMRAPI\.venv\Lib\site-packages\flask_limiter\extension.py", line 1145, in __inner
    R, flask.current_app.ensure_sync(cast(Callable[P, R], obj))(*a, **k)
       ^^^^^^^^^^^^^^^^^^^^^^^^^^^^^^^^^^^^^^^^^^^^^^^^^^^^^^^^^^^^^^^^^
  File "E:\woltrio\DejiEMRAPI\app\utils\decorators.py", line 40, in decorated_function
    db.session.commit()
  File "<string>", line 2, in commit
  File "E:\woltrio\DejiEMRAPI\.venv\Lib\site-packages\sqlalchemy\orm\session.py", line 1454, in commit
    self._transaction.commit(_to_root=self.future)
  File "E:\woltrio\DejiEMRAPI\.venv\Lib\site-packages\sqlalchemy\orm\session.py", line 832, in commit
    self._prepare_impl()
  File "E:\woltrio\DejiEMRAPI\.venv\Lib\site-packages\sqlalchemy\orm\session.py", line 811, in _prepare_impl
    self.session.flush()
  File "E:\woltrio\DejiEMRAPI\.venv\Lib\site-packages\sqlalchemy\orm\session.py", line 3449, in flush
    self._flush(objects)
  File "E:\woltrio\DejiEMRAPI\.venv\Lib\site-packages\sqlalchemy\orm\session.py", line 3588, in _flush
    with util.safe_reraise():
  File "E:\woltrio\DejiEMRAPI\.venv\Lib\site-packages\sqlalchemy\util\langhelpers.py", line 70, in __exit__
    compat.raise_(
  File "E:\woltrio\DejiEMRAPI\.venv\Lib\site-packages\sqlalchemy\util\compat.py", line 211, in raise_
    raise exception
  File "E:\woltrio\DejiEMRAPI\.venv\Lib\site-packages\sqlalchemy\orm\session.py", line 3549, in _flush
    flush_context.execute()
  File "E:\woltrio\DejiEMRAPI\.venv\Lib\site-packages\sqlalchemy\orm\unitofwork.py", line 456, in execute
    rec.execute(self)
  File "E:\woltrio\DejiEMRAPI\.venv\Lib\site-packages\sqlalchemy\orm\unitofwork.py", line 630, in execute
    util.preloaded.orm_persistence.save_obj(
  File "E:\woltrio\DejiEMRAPI\.venv\Lib\site-packages\sqlalchemy\orm\persistence.py", line 212, in save_obj
    for (
  File "E:\woltrio\DejiEMRAPI\.venv\Lib\site-packages\sqlalchemy\orm\persistence.py", line 373, in _organize_states_for_save
    for state, dict_, mapper, connection in _connections_for_states(
  File "E:\woltrio\DejiEMRAPI\.venv\Lib\site-packages\sqlalchemy\orm\persistence.py", line 1737, in _connections_for_states
    connection = uowtransaction.transaction.connection(base_mapper)
                 ^^^^^^^^^^^^^^^^^^^^^^^^^^^^^^^^^^^^^^^^^^^^^^^^^^
  File "E:\woltrio\DejiEMRAPI\.venv\Lib\site-packages\sqlalchemy\orm\session.py", line 629, in connection
    return self._connection_for_bind(bind, execution_options)
           ^^^^^^^^^^^^^^^^^^^^^^^^^^^^^^^^^^^^^^^^^^^^^^^^^^
  File "E:\woltrio\DejiEMRAPI\.venv\Lib\site-packages\sqlalchemy\orm\session.py", line 738, in _connection_for_bind
    conn = self._parent._connection_for_bind(bind, execution_options)
           ^^^^^^^^^^^^^^^^^^^^^^^^^^^^^^^^^^^^^^^^^^^^^^^^^^^^^^^^^^
  File "E:\woltrio\DejiEMRAPI\.venv\Lib\site-packages\sqlalchemy\orm\session.py", line 750, in _connection_for_bind
    conn = bind.connect()
           ^^^^^^^^^^^^^^
  File "E:\woltrio\DejiEMRAPI\.venv\Lib\site-packages\sqlalchemy\engine\base.py", line 3325, in connect
    return self._connection_cls(self, close_with_result=close_with_result)
           ^^^^^^^^^^^^^^^^^^^^^^^^^^^^^^^^^^^^^^^^^^^^^^^^^^^^^^^^^^^^^^^
  File "E:\woltrio\DejiEMRAPI\.venv\Lib\site-packages\sqlalchemy\engine\base.py", line 96, in __init__
    else engine.raw_connection()
         ^^^^^^^^^^^^^^^^^^^^^^^
  File "E:\woltrio\DejiEMRAPI\.venv\Lib\site-packages\sqlalchemy\engine\base.py", line 3404, in raw_connection
    return self._wrap_pool_connect(self.pool.connect, _connection)
           ^^^^^^^^^^^^^^^^^^^^^^^^^^^^^^^^^^^^^^^^^^^^^^^^^^^^^^^
  File "E:\woltrio\DejiEMRAPI\.venv\Lib\site-packages\sqlalchemy\engine\base.py", line 3374, in _wrap_pool_connect
    Connection._handle_dbapi_exception_noconnection(
  File "E:\woltrio\DejiEMRAPI\.venv\Lib\site-packages\sqlalchemy\engine\base.py", line 2208, in _handle_dbapi_exception_noconnection
    util.raise_(
  File "E:\woltrio\DejiEMRAPI\.venv\Lib\site-packages\sqlalchemy\util\compat.py", line 211, in raise_
    raise exception
  File "E:\woltrio\DejiEMRAPI\.venv\Lib\site-packages\sqlalchemy\engine\base.py", line 3371, in _wrap_pool_connect
    return fn()
           ^^^^
  File "E:\woltrio\DejiEMRAPI\.venv\Lib\site-packages\sqlalchemy\pool\base.py", line 327, in connect
    return _ConnectionFairy._checkout(self)
           ^^^^^^^^^^^^^^^^^^^^^^^^^^^^^^^^
  File "E:\woltrio\DejiEMRAPI\.venv\Lib\site-packages\sqlalchemy\pool\base.py", line 894, in _checkout
    fairy = _ConnectionRecord.checkout(pool)
            ^^^^^^^^^^^^^^^^^^^^^^^^^^^^^^^^
  File "E:\woltrio\DejiEMRAPI\.venv\Lib\site-packages\sqlalchemy\pool\base.py", line 493, in checkout
    rec = pool._do_get()
          ^^^^^^^^^^^^^^
  File "E:\woltrio\DejiEMRAPI\.venv\Lib\site-packages\sqlalchemy\pool\impl.py", line 145, in _do_get
    with util.safe_reraise():
  File "E:\woltrio\DejiEMRAPI\.venv\Lib\site-packages\sqlalchemy\util\langhelpers.py", line 70, in __exit__
    compat.raise_(
  File "E:\woltrio\DejiEMRAPI\.venv\Lib\site-packages\sqlalchemy\util\compat.py", line 211, in raise_
    raise exception
  File "E:\woltrio\DejiEMRAPI\.venv\Lib\site-packages\sqlalchemy\pool\impl.py", line 143, in _do_get
    return self._create_connection()
           ^^^^^^^^^^^^^^^^^^^^^^^^^
  File "E:\woltrio\DejiEMRAPI\.venv\Lib\site-packages\sqlalchemy\pool\base.py", line 273, in _create_connection
    return _ConnectionRecord(self)
           ^^^^^^^^^^^^^^^^^^^^^^^
  File "E:\woltrio\DejiEMRAPI\.venv\Lib\site-packages\sqlalchemy\pool\base.py", line 388, in __init__
    self.__connect()
  File "E:\woltrio\DejiEMRAPI\.venv\Lib\site-packages\sqlalchemy\pool\base.py", line 690, in __connect
    with util.safe_reraise():
  File "E:\woltrio\DejiEMRAPI\.venv\Lib\site-packages\sqlalchemy\util\langhelpers.py", line 70, in __exit__
    compat.raise_(
  File "E:\woltrio\DejiEMRAPI\.venv\Lib\site-packages\sqlalchemy\util\compat.py", line 211, in raise_
    raise exception
  File "E:\woltrio\DejiEMRAPI\.venv\Lib\site-packages\sqlalchemy\pool\base.py", line 686, in __connect
    self.dbapi_connection = connection = pool._invoke_creator(self)
                                         ^^^^^^^^^^^^^^^^^^^^^^^^^^
  File "E:\woltrio\DejiEMRAPI\.venv\Lib\site-packages\sqlalchemy\engine\create.py", line 574, in connect
    return dialect.connect(*cargs, **cparams)
           ^^^^^^^^^^^^^^^^^^^^^^^^^^^^^^^^^^
  File "E:\woltrio\DejiEMRAPI\.venv\Lib\site-packages\sqlalchemy\engine\default.py", line 598, in connect
    return self.dbapi.connect(*cargs, **cparams)
           ^^^^^^^^^^^^^^^^^^^^^^^^^^^^^^^^^^^^^
  File "E:\woltrio\DejiEMRAPI\.venv\Lib\site-packages\psycopg2\__init__.py", line 122, in connect
    conn = _connect(dsn, connection_factory=connection_factory, **kwasync)
           ^^^^^^^^^^^^^^^^^^^^^^^^^^^^^^^^^^^^^^^^^^^^^^^^^^^^^^^^^^^^^^^
sqlalchemy.exc.OperationalError: (psycopg2.OperationalError) connection to server at "localhost" (::1), port 5432 failed: FATAL:  password authentication failed for user "user"

(Background on this error at: https://sqlalche.me/e/14/e3q8)
2025-08-19 13:01:11,882 - HIPAA_AUDIT - ERROR - Internal server error: 500 Internal Server Error: The server encountered an internal error and was unable to complete your request. Either the server is overloaded or there is an error in the application.
2025-08-19 13:01:11,883 - werkzeug - INFO - 127.0.0.1 - - [19/Aug/2025 13:01:11] "[35m[1mPOST /api/auth/register HTTP/1.1[0m" 500 -
2025-08-19 13:08:04,519 - werkzeug - INFO - [31m[1mWARNING: This is a development server. Do not use it in a production deployment. Use a production WSGI server instead.[0m
 * Running on https://127.0.0.1:5000
2025-08-19 13:08:04,519 - werkzeug - INFO - [33mPress CTRL+C to quit[0m
2025-08-19 13:08:04,520 - werkzeug - INFO -  * Restarting with stat
2025-08-19 13:08:05,490 - werkzeug - WARNING -  * Debugger is active!
2025-08-19 13:08:05,494 - werkzeug - INFO -  * Debugger PIN: 137-844-133
2025-08-19 13:08:10,644 - HIPAA_AUDIT - ERROR - Failed to log audit entry due to DB error: (psycopg2.errors.InFailedSqlTransaction) current transaction is aborted, commands ignored until end of transaction block

[SQL: INSERT INTO audit_logs (user_id, timestamp, action, resource, resource_id, ip_address, user_agent, success, details) VALUES (%(user_id)s, %(timestamp)s, %(action)s, %(resource)s, %(resource_id)s, %(ip_address)s, %(user_agent)s, %(success)s, %(details)s) RETURNING audit_logs.id]
[parameters: {'user_id': 'rootadmin', 'timestamp': datetime.datetime(2025, 8, 19, 8, 8, 10, 643882), 'action': 'USER_REGISTRATION', 'resource': 'users', 'resource_id': 'root@example.com', 'ip_address': '127.0.0.1', 'user_agent': 'PostmanRuntime/7.43.4', 'success': False, 'details': 'An error occurred: (psycopg2.errors.UndefinedTable) relation "users" does not exist\nLINE 2: FROM users \n             ^\n\n[SQL: SELECT users.id AS  ... (689 characters truncated) ... rs: {\'username_1\': \'rootadmin\', \'email_1\': \'root@example.com\', \'param_1\': 1}]\n(Background on this error at: https://sqlalche.me/e/14/f405)'}]
(Background on this error at: https://sqlalche.me/e/14/2j85)
2025-08-19 13:08:10,644 - HIPAA_AUDIT - ERROR - Action='USER_REGISTRATION', Resource='users', UserID='rootadmin', Success='False', Details='An error occurred: (psycopg2.errors.UndefinedTable) relation "users" does not exist
LINE 2: FROM users 
             ^

[SQL: SELECT users.id AS users_id, users.username AS users_username, users.email AS users_email, users.password_hash AS users_password_hash, users.role_id AS users_role_id, users.created_at AS users_created_at, users.updated_at AS users_updated_at, users.last_login AS users_last_login, users.failed_login_attempts AS users_failed_login_attempts, users.account_locked AS users_account_locked, users.account_locked_until AS users_account_locked_until, users.password_changed_at AS users_password_changed_at, users.must_change_password AS users_must_change_password, users.is_active AS users_is_active 
FROM users 
WHERE users.username = %(username_1)s OR users.email = %(email_1)s 
 LIMIT %(param_1)s]
[parameters: {'username_1': 'rootadmin', 'email_1': 'root@example.com', 'param_1': 1}]
(Background on this error at: https://sqlalche.me/e/14/f405)'
2025-08-19 13:08:10,671 - werkzeug - INFO - 127.0.0.1 - - [19/Aug/2025 13:08:10] "[35m[1mPOST /api/auth/register HTTP/1.1[0m" 500 -
2025-08-19 13:09:01,849 - HIPAA_AUDIT - ERROR - Failed to log audit entry due to DB error: (psycopg2.errors.InFailedSqlTransaction) current transaction is aborted, commands ignored until end of transaction block

[SQL: INSERT INTO audit_logs (user_id, timestamp, action, resource, resource_id, ip_address, user_agent, success, details) VALUES (%(user_id)s, %(timestamp)s, %(action)s, %(resource)s, %(resource_id)s, %(ip_address)s, %(user_agent)s, %(success)s, %(details)s) RETURNING audit_logs.id]
[parameters: {'user_id': 'rootadmin', 'timestamp': datetime.datetime(2025, 8, 19, 8, 9, 1, 849234), 'action': 'USER_REGISTRATION', 'resource': 'users', 'resource_id': 'root@example.com', 'ip_address': '127.0.0.1', 'user_agent': 'PostmanRuntime/7.43.4', 'success': False, 'details': 'An error occurred: (psycopg2.errors.UndefinedTable) relation "users" does not exist\nLINE 2: FROM users \n             ^\n\n[SQL: SELECT users.id AS  ... (689 characters truncated) ... rs: {\'username_1\': \'rootadmin\', \'email_1\': \'root@example.com\', \'param_1\': 1}]\n(Background on this error at: https://sqlalche.me/e/14/f405)'}]
(Background on this error at: https://sqlalche.me/e/14/2j85)
2025-08-19 13:09:01,857 - HIPAA_AUDIT - ERROR - Action='USER_REGISTRATION', Resource='users', UserID='rootadmin', Success='False', Details='An error occurred: (psycopg2.errors.UndefinedTable) relation "users" does not exist
LINE 2: FROM users 
             ^

[SQL: SELECT users.id AS users_id, users.username AS users_username, users.email AS users_email, users.password_hash AS users_password_hash, users.role_id AS users_role_id, users.created_at AS users_created_at, users.updated_at AS users_updated_at, users.last_login AS users_last_login, users.failed_login_attempts AS users_failed_login_attempts, users.account_locked AS users_account_locked, users.account_locked_until AS users_account_locked_until, users.password_changed_at AS users_password_changed_at, users.must_change_password AS users_must_change_password, users.is_active AS users_is_active 
FROM users 
WHERE users.username = %(username_1)s OR users.email = %(email_1)s 
 LIMIT %(param_1)s]
[parameters: {'username_1': 'rootadmin', 'email_1': 'root@example.com', 'param_1': 1}]
(Background on this error at: https://sqlalche.me/e/14/f405)'
2025-08-19 13:09:01,865 - werkzeug - INFO - 127.0.0.1 - - [19/Aug/2025 13:09:01] "[35m[1mPOST /api/auth/register HTTP/1.1[0m" 500 -
2025-08-19 13:09:24,022 - werkzeug - INFO - [31m[1mWARNING: This is a development server. Do not use it in a production deployment. Use a production WSGI server instead.[0m
 * Running on https://127.0.0.1:5000
2025-08-19 13:09:24,022 - werkzeug - INFO - [33mPress CTRL+C to quit[0m
2025-08-19 13:09:24,022 - werkzeug - INFO -  * Restarting with stat
2025-08-19 13:09:24,866 - werkzeug - WARNING -  * Debugger is active!
2025-08-19 13:09:24,876 - werkzeug - INFO -  * Debugger PIN: 137-844-133
2025-08-19 13:09:31,844 - HIPAA_AUDIT - ERROR - Failed to log audit entry due to DB error: (psycopg2.errors.InFailedSqlTransaction) current transaction is aborted, commands ignored until end of transaction block

[SQL: INSERT INTO audit_logs (user_id, timestamp, action, resource, resource_id, ip_address, user_agent, success, details) VALUES (%(user_id)s, %(timestamp)s, %(action)s, %(resource)s, %(resource_id)s, %(ip_address)s, %(user_agent)s, %(success)s, %(details)s) RETURNING audit_logs.id]
[parameters: {'user_id': 'rootadmin', 'timestamp': datetime.datetime(2025, 8, 19, 8, 9, 31, 844371), 'action': 'USER_REGISTRATION', 'resource': 'users', 'resource_id': 'root@example.com', 'ip_address': '127.0.0.1', 'user_agent': 'PostmanRuntime/7.43.4', 'success': False, 'details': 'An error occurred: (psycopg2.errors.UndefinedTable) relation "users" does not exist\nLINE 2: FROM users \n             ^\n\n[SQL: SELECT users.id AS  ... (689 characters truncated) ... rs: {\'username_1\': \'rootadmin\', \'email_1\': \'root@example.com\', \'param_1\': 1}]\n(Background on this error at: https://sqlalche.me/e/14/f405)'}]
(Background on this error at: https://sqlalche.me/e/14/2j85)
2025-08-19 13:09:31,844 - HIPAA_AUDIT - ERROR - Action='USER_REGISTRATION', Resource='users', UserID='rootadmin', Success='False', Details='An error occurred: (psycopg2.errors.UndefinedTable) relation "users" does not exist
LINE 2: FROM users 
             ^

[SQL: SELECT users.id AS users_id, users.username AS users_username, users.email AS users_email, users.password_hash AS users_password_hash, users.role_id AS users_role_id, users.created_at AS users_created_at, users.updated_at AS users_updated_at, users.last_login AS users_last_login, users.failed_login_attempts AS users_failed_login_attempts, users.account_locked AS users_account_locked, users.account_locked_until AS users_account_locked_until, users.password_changed_at AS users_password_changed_at, users.must_change_password AS users_must_change_password, users.is_active AS users_is_active 
FROM users 
WHERE users.username = %(username_1)s OR users.email = %(email_1)s 
 LIMIT %(param_1)s]
[parameters: {'username_1': 'rootadmin', 'email_1': 'root@example.com', 'param_1': 1}]
(Background on this error at: https://sqlalche.me/e/14/f405)'
2025-08-19 13:09:31,864 - werkzeug - INFO - 127.0.0.1 - - [19/Aug/2025 13:09:31] "[35m[1mPOST /api/auth/register HTTP/1.1[0m" 500 -
2025-08-19 13:16:22,821 - werkzeug - INFO - [31m[1mWARNING: This is a development server. Do not use it in a production deployment. Use a production WSGI server instead.[0m
 * Running on https://127.0.0.1:5000
2025-08-19 13:16:22,821 - werkzeug - INFO - [33mPress CTRL+C to quit[0m
2025-08-19 13:16:22,823 - werkzeug - INFO -  * Restarting with stat
2025-08-19 13:16:23,756 - werkzeug - WARNING -  * Debugger is active!
2025-08-19 13:16:23,761 - werkzeug - INFO -  * Debugger PIN: 137-844-133
2025-08-19 13:16:27,881 - HIPAA_AUDIT - ERROR - Failed to log audit entry due to DB error: (psycopg2.errors.InvalidTextRepresentation) invalid input syntax for type integer: "rootadmin"
LINE 1: ...ip_address, user_agent, success, details) VALUES ('rootadmin...
                                                             ^

[SQL: INSERT INTO audit_logs (user_id, timestamp, action, resource, resource_id, ip_address, user_agent, success, details) VALUES (%(user_id)s, %(timestamp)s, %(action)s, %(resource)s, %(resource_id)s, %(ip_address)s, %(user_agent)s, %(success)s, %(details)s) RETURNING audit_logs.id]
[parameters: {'user_id': 'rootadmin', 'timestamp': datetime.datetime(2025, 8, 19, 8, 16, 27, 879414), 'action': 'USER_REGISTRATION', 'resource': 'users', 'resource_id': 'root@example.com', 'ip_address': '127.0.0.1', 'user_agent': 'PostmanRuntime/7.43.4', 'success': False, 'details': "An error occurred: 'tuple' object has no attribute 'status_code'"}]
(Background on this error at: https://sqlalche.me/e/14/9h9h)
2025-08-19 13:16:27,881 - HIPAA_AUDIT - ERROR - Action='USER_REGISTRATION', Resource='users', UserID='rootadmin', Success='False', Details='An error occurred: 'tuple' object has no attribute 'status_code''
2025-08-19 13:16:27,889 - werkzeug - INFO - 127.0.0.1 - - [19/Aug/2025 13:16:27] "[35m[1mPOST /api/auth/register HTTP/1.1[0m" 500 -
2025-08-19 13:17:50,213 - werkzeug - INFO -  * Detected change in 'E:\\woltrio\\DejiEMRAPI\\app\\utils\\decorators.py', reloading
2025-08-19 13:17:50,341 - werkzeug - INFO -  * Restarting with stat
2025-08-19 13:17:51,408 - werkzeug - WARNING -  * Debugger is active!
2025-08-19 13:17:51,408 - werkzeug - INFO -  * Debugger PIN: 137-844-133
2025-08-19 13:17:59,145 - werkzeug - INFO - [31m[1mWARNING: This is a development server. Do not use it in a production deployment. Use a production WSGI server instead.[0m
 * Running on https://127.0.0.1:5000
2025-08-19 13:17:59,145 - werkzeug - INFO - [33mPress CTRL+C to quit[0m
2025-08-19 13:17:59,147 - werkzeug - INFO -  * Restarting with stat
2025-08-19 13:18:00,099 - werkzeug - WARNING -  * Debugger is active!
2025-08-19 13:18:00,109 - werkzeug - INFO -  * Debugger PIN: 137-844-133
2025-08-19 13:18:04,262 - HIPAA_AUDIT - ERROR - Failed to log audit entry due to DB error: This Session's transaction has been rolled back due to a previous exception during flush. To begin a new transaction with this Session, first issue Session.rollback(). Original exception was: (psycopg2.errors.InvalidTextRepresentation) invalid input syntax for type integer: "rootadmin"
LINE 1: ...ip_address, user_agent, success, details) VALUES ('rootadmin...
                                                             ^

[SQL: INSERT INTO audit_logs (user_id, timestamp, action, resource, resource_id, ip_address, user_agent, success, details) VALUES (%(user_id)s, %(timestamp)s, %(action)s, %(resource)s, %(resource_id)s, %(ip_address)s, %(user_agent)s, %(success)s, %(details)s) RETURNING audit_logs.id]
[parameters: {'user_id': 'rootadmin', 'timestamp': datetime.datetime(2025, 8, 19, 8, 18, 4, 262843), 'action': 'USER_REGISTRATION', 'resource': 'users', 'resource_id': 'root@example.com', 'ip_address': '127.0.0.1', 'user_agent': 'PostmanRuntime/7.43.4', 'success': False, 'details': 'Request successful. Status: 400'}]
(Background on this error at: https://sqlalche.me/e/14/9h9h) (Background on this error at: https://sqlalche.me/e/14/7s2a)
2025-08-19 13:18:04,262 - HIPAA_AUDIT - ERROR - Action='USER_REGISTRATION', Resource='users', UserID='rootadmin', Success='False', Details='An error occurred: (psycopg2.errors.InvalidTextRepresentation) invalid input syntax for type integer: "rootadmin"
LINE 1: ...ip_address, user_agent, success, details) VALUES ('rootadmin...
                                                             ^

[SQL: INSERT INTO audit_logs (user_id, timestamp, action, resource, resource_id, ip_address, user_agent, success, details) VALUES (%(user_id)s, %(timestamp)s, %(action)s, %(resource)s, %(resource_id)s, %(ip_address)s, %(user_agent)s, %(success)s, %(details)s) RETURNING audit_logs.id]
[parameters: {'user_id': 'rootadmin', 'timestamp': datetime.datetime(2025, 8, 19, 8, 18, 4, 262843), 'action': 'USER_REGISTRATION', 'resource': 'users', 'resource_id': 'root@example.com', 'ip_address': '127.0.0.1', 'user_agent': 'PostmanRuntime/7.43.4', 'success': False, 'details': 'Request successful. Status: 400'}]
(Background on this error at: https://sqlalche.me/e/14/9h9h)'
2025-08-19 13:18:04,307 - werkzeug - INFO - 127.0.0.1 - - [19/Aug/2025 13:18:04] "[35m[1mPOST /api/auth/register HTTP/1.1[0m" 500 -
2025-08-19 13:19:13,865 - werkzeug - INFO -  * Detected change in 'E:\\woltrio\\DejiEMRAPI\\app\\utils\\decorators.py', reloading
2025-08-19 13:19:14,052 - werkzeug - INFO -  * Restarting with stat
2025-08-19 13:19:15,090 - werkzeug - WARNING -  * Debugger is active!
2025-08-19 13:19:15,099 - werkzeug - INFO -  * Debugger PIN: 137-844-133
2025-08-19 13:19:24,992 - werkzeug - INFO - [31m[1mWARNING: This is a development server. Do not use it in a production deployment. Use a production WSGI server instead.[0m
 * Running on https://127.0.0.1:5000
2025-08-19 13:19:24,992 - werkzeug - INFO - [33mPress CTRL+C to quit[0m
2025-08-19 13:19:24,994 - werkzeug - INFO -  * Restarting with stat
2025-08-19 13:19:25,855 - werkzeug - WARNING -  * Debugger is active!
2025-08-19 13:19:25,859 - werkzeug - INFO -  * Debugger PIN: 137-844-133
2025-08-19 13:19:28,482 - HIPAA_AUDIT - INFO - Action='USER_REGISTRATION', Resource='users', UserID='None', Success='False', Details='Request successful. Status: 400'
2025-08-19 13:19:28,482 - werkzeug - INFO - 127.0.0.1 - - [19/Aug/2025 13:19:28] "[31m[1mPOST /api/auth/register HTTP/1.1[0m" 400 -
2025-08-19 13:25:48,838 - werkzeug - INFO - [31m[1mWARNING: This is a development server. Do not use it in a production deployment. Use a production WSGI server instead.[0m
 * Running on https://127.0.0.1:5000
2025-08-19 13:25:48,839 - werkzeug - INFO - [33mPress CTRL+C to quit[0m
2025-08-19 13:25:48,840 - werkzeug - INFO -  * Restarting with stat
2025-08-19 13:25:49,677 - werkzeug - WARNING -  * Debugger is active!
2025-08-19 13:25:49,682 - werkzeug - INFO -  * Debugger PIN: 137-844-133
2025-08-19 13:25:53,113 - HIPAA_AUDIT - INFO - Action='USER_REGISTRATION', Resource='users', UserID='1', Success='True', Details='Request successful. Status: 201'
2025-08-19 13:25:53,115 - werkzeug - INFO - 127.0.0.1 - - [19/Aug/2025 13:25:53] "[35m[1mPOST /api/auth/register HTTP/1.1[0m" 201 -
2025-08-19 13:26:07,749 - HIPAA_AUDIT - INFO - Action='USER_LOGIN', Resource='authentication', UserID='None', Success='True', Details='Request successful. Status: 200'
2025-08-19 13:26:07,749 - werkzeug - INFO - 127.0.0.1 - - [19/Aug/2025 13:26:07] "POST /api/auth/login HTTP/1.1" 200 -
2025-08-19 13:30:32,271 - werkzeug - INFO - 127.0.0.1 - - [19/Aug/2025 13:30:32] "[31m[1mGET /api/patients HTTP/1.1[0m" 401 -
2025-08-19 13:30:57,588 - HIPAA_AUDIT - INFO - Action='USER_LOGIN', Resource='authentication', UserID='None', Success='True', Details='Request successful. Status: 200'
2025-08-19 13:30:57,588 - werkzeug - INFO - 127.0.0.1 - - [19/Aug/2025 13:30:57] "POST /api/auth/login HTTP/1.1" 200 -
2025-08-19 13:31:04,139 - HIPAA_AUDIT - INFO - Action='USER_LOGIN', Resource='authentication', UserID='None', Success='True', Details='Request successful. Status: 200'
2025-08-19 13:31:04,140 - werkzeug - INFO - 127.0.0.1 - - [19/Aug/2025 13:31:04] "POST /api/auth/login HTTP/1.1" 200 -
2025-08-19 13:31:16,348 - werkzeug - INFO - 127.0.0.1 - - [19/Aug/2025 13:31:16] "[31m[1mGET /api/patients HTTP/1.1[0m" 401 -
2025-08-19 13:31:32,329 - werkzeug - INFO - 127.0.0.1 - - [19/Aug/2025 13:31:32] "[31m[1mGET /api/patients HTTP/1.1[0m" 401 -
2025-08-19 13:31:42,173 - werkzeug - INFO - 127.0.0.1 - - [19/Aug/2025 13:31:42] "[31m[1mGET /api/patients HTTP/1.1[0m" 401 -
2025-08-19 13:35:04,151 - HIPAA_AUDIT - INFO - Action='USER_LOGIN', Resource='authentication', UserID='None', Success='True', Details='Request successful. Status: 200'
2025-08-19 13:35:04,151 - werkzeug - INFO - 127.0.0.1 - - [19/Aug/2025 13:35:04] "POST /api/auth/login HTTP/1.1" 200 -
2025-08-19 13:35:40,469 - werkzeug - INFO - 127.0.0.1 - - [19/Aug/2025 13:35:40] "[31m[1mGET /api/patients HTTP/1.1[0m" 401 -
2025-08-19 13:37:24,552 - werkzeug - INFO -  * Detected change in 'E:\\woltrio\\DejiEMRAPI\\app\\__init__.py', reloading
2025-08-19 13:37:24,715 - werkzeug - INFO -  * Restarting with stat
2025-08-19 13:37:25,894 - werkzeug - WARNING -  * Debugger is active!
2025-08-19 13:37:25,894 - werkzeug - INFO -  * Debugger PIN: 137-844-133
2025-08-19 13:37:30,375 - werkzeug - INFO - [31m[1mWARNING: This is a development server. Do not use it in a production deployment. Use a production WSGI server instead.[0m
 * Running on https://127.0.0.1:5000
2025-08-19 13:37:30,375 - werkzeug - INFO - [33mPress CTRL+C to quit[0m
2025-08-19 13:37:30,375 - werkzeug - INFO -  * Restarting with stat
2025-08-19 13:37:31,237 - werkzeug - WARNING -  * Debugger is active!
2025-08-19 13:37:31,242 - werkzeug - INFO -  * Debugger PIN: 137-844-133
2025-08-19 13:37:38,374 - HIPAA_AUDIT - INFO - Action='USER_LOGIN', Resource='authentication', UserID='None', Success='True', Details='Request successful. Status: 200'
2025-08-19 13:37:38,381 - werkzeug - INFO - 127.0.0.1 - - [19/Aug/2025 13:37:38] "POST /api/auth/login HTTP/1.1" 200 -
2025-08-19 13:37:51,918 - werkzeug - INFO - 127.0.0.1 - - [19/Aug/2025 13:37:51] "[31m[1mGET /api/patients HTTP/1.1[0m" 401 -
2025-08-19 13:37:53,947 - werkzeug - INFO - 127.0.0.1 - - [19/Aug/2025 13:37:53] "[31m[1mGET /api/patients HTTP/1.1[0m" 401 -
2025-08-19 13:38:39,689 - werkzeug - INFO -  * Detected change in 'E:\\woltrio\\DejiEMRAPI\\app\\__init__.py', reloading
2025-08-19 13:38:39,816 - werkzeug - INFO -  * Restarting with stat
2025-08-19 13:38:40,713 - werkzeug - WARNING -  * Debugger is active!
2025-08-19 13:38:40,723 - werkzeug - INFO -  * Debugger PIN: 137-844-133
2025-08-19 13:38:52,888 - werkzeug - INFO -  * Detected change in 'E:\\woltrio\\DejiEMRAPI\\app\\__init__.py', reloading
2025-08-19 13:38:53,079 - werkzeug - INFO -  * Restarting with stat
2025-08-19 13:38:54,240 - werkzeug - WARNING -  * Debugger is active!
2025-08-19 13:38:54,240 - werkzeug - INFO -  * Debugger PIN: 137-844-133
2025-08-19 13:38:58,579 - werkzeug - INFO - [31m[1mWARNING: This is a development server. Do not use it in a production deployment. Use a production WSGI server instead.[0m
 * Running on https://127.0.0.1:5000
2025-08-19 13:38:58,579 - werkzeug - INFO - [33mPress CTRL+C to quit[0m
2025-08-19 13:38:58,581 - werkzeug - INFO -  * Restarting with stat
2025-08-19 13:38:59,489 - werkzeug - WARNING -  * Debugger is active!
2025-08-19 13:38:59,496 - werkzeug - INFO -  * Debugger PIN: 137-844-133
2025-08-19 13:39:03,494 - HIPAA_AUDIT - INFO - Action='USER_LOGIN', Resource='authentication', UserID='None', Success='True', Details='Request successful. Status: 200'
2025-08-19 13:39:03,495 - werkzeug - INFO - 127.0.0.1 - - [19/Aug/2025 13:39:03] "POST /api/auth/login HTTP/1.1" 200 -
2025-08-19 13:39:12,144 - werkzeug - INFO - 127.0.0.1 - - [19/Aug/2025 13:39:12] "[31m[1mGET /api/patients HTTP/1.1[0m" 401 -
2025-08-19 13:41:36,982 - werkzeug - INFO -  * Detected change in 'E:\\woltrio\\DejiEMRAPI\\app\\__init__.py', reloading
2025-08-19 13:41:37,194 - werkzeug - INFO -  * Restarting with stat
2025-08-19 13:41:38,541 - werkzeug - WARNING -  * Debugger is active!
2025-08-19 13:41:38,545 - werkzeug - INFO -  * Debugger PIN: 137-844-133
2025-08-19 13:41:43,582 - werkzeug - INFO - [31m[1mWARNING: This is a development server. Do not use it in a production deployment. Use a production WSGI server instead.[0m
 * Running on https://127.0.0.1:5000
2025-08-19 13:41:43,582 - werkzeug - INFO - [33mPress CTRL+C to quit[0m
2025-08-19 13:41:43,584 - werkzeug - INFO -  * Restarting with stat
2025-08-19 13:41:44,684 - werkzeug - WARNING -  * Debugger is active!
2025-08-19 13:41:44,688 - werkzeug - INFO -  * Debugger PIN: 137-844-133
2025-08-19 13:41:48,237 - HIPAA_AUDIT - INFO - Action='USER_LOGIN', Resource='authentication', UserID='None', Success='True', Details='Request successful. Status: 200'
2025-08-19 13:41:48,238 - werkzeug - INFO - 127.0.0.1 - - [19/Aug/2025 13:41:48] "POST /api/auth/login HTTP/1.1" 200 -
2025-08-19 13:42:02,847 - werkzeug - INFO - 127.0.0.1 - - [19/Aug/2025 13:42:02] "[31m[1mGET /api/patients HTTP/1.1[0m" 401 -
2025-08-19 13:42:43,489 - werkzeug - INFO -  * Detected change in 'E:\\woltrio\\DejiEMRAPI\\app\\api\\routes.py', reloading
2025-08-19 13:42:43,740 - werkzeug - INFO -  * Restarting with stat
2025-08-19 13:42:48,760 - werkzeug - INFO - [31m[1mWARNING: This is a development server. Do not use it in a production deployment. Use a production WSGI server instead.[0m
 * Running on https://127.0.0.1:5000
2025-08-19 13:42:48,760 - werkzeug - INFO - [33mPress CTRL+C to quit[0m
2025-08-19 13:42:48,760 - werkzeug - INFO -  * Restarting with stat
2025-08-19 13:42:49,822 - werkzeug - WARNING -  * Debugger is active!
2025-08-19 13:42:49,832 - werkzeug - INFO -  * Debugger PIN: 137-844-133
2025-08-19 13:42:54,124 - HIPAA_AUDIT - INFO - Action='USER_LOGIN', Resource='authentication', UserID='None', Success='True', Details='Request successful. Status: 200'
2025-08-19 13:42:54,124 - werkzeug - INFO - 127.0.0.1 - - [19/Aug/2025 13:42:54] "POST /api/auth/login HTTP/1.1" 200 -
2025-08-19 13:43:12,420 - werkzeug - INFO - 127.0.0.1 - - [19/Aug/2025 13:43:12] "[31m[1mGET /api/patients HTTP/1.1[0m" 403 -
2025-08-19 13:43:15,432 - werkzeug - INFO - 127.0.0.1 - - [19/Aug/2025 13:43:15] "[31m[1mGET /api/patients HTTP/1.1[0m" 403 -
2025-08-19 13:45:03,530 - werkzeug - INFO -  * Detected change in 'E:\\woltrio\\DejiEMRAPI\\create_db.py', reloading
2025-08-19 13:45:03,710 - werkzeug - INFO -  * Restarting with stat
2025-08-19 13:45:16,411 - werkzeug - INFO - [31m[1mWARNING: This is a development server. Do not use it in a production deployment. Use a production WSGI server instead.[0m
 * Running on https://127.0.0.1:5000
2025-08-19 13:45:16,411 - werkzeug - INFO - [33mPress CTRL+C to quit[0m
2025-08-19 13:45:16,412 - werkzeug - INFO -  * Restarting with stat
2025-08-19 13:45:17,416 - werkzeug - WARNING -  * Debugger is active!
2025-08-19 13:45:17,421 - werkzeug - INFO -  * Debugger PIN: 137-844-133
2025-08-19 13:45:21,565 - HIPAA_AUDIT - INFO - Action='USER_LOGIN', Resource='authentication', UserID='None', Success='True', Details='Request successful. Status: 200'
2025-08-19 13:45:21,566 - werkzeug - INFO - 127.0.0.1 - - [19/Aug/2025 13:45:21] "POST /api/auth/login HTTP/1.1" 200 -
2025-08-19 13:45:43,423 - werkzeug - INFO - 127.0.0.1 - - [19/Aug/2025 13:45:43] "[31m[1mGET /api/patients HTTP/1.1[0m" 403 -
2025-08-19 13:45:44,915 - werkzeug - INFO - 127.0.0.1 - - [19/Aug/2025 13:45:44] "[31m[1mGET /api/patients HTTP/1.1[0m" 403 -
2025-08-19 13:45:45,831 - werkzeug - INFO - 127.0.0.1 - - [19/Aug/2025 13:45:45] "[31m[1mGET /api/patients HTTP/1.1[0m" 403 -
2025-08-19 13:45:46,621 - werkzeug - INFO - 127.0.0.1 - - [19/Aug/2025 13:45:46] "[31m[1mGET /api/patients HTTP/1.1[0m" 403 -
2025-08-19 13:53:35,548 - werkzeug - INFO -  * Detected change in 'E:\\woltrio\\DejiEMRAPI\\app\\utils\\decorators.py', reloading
2025-08-19 13:53:35,684 - werkzeug - INFO -  * Restarting with stat
2025-08-19 13:53:36,771 - werkzeug - WARNING -  * Debugger is active!
2025-08-19 13:53:36,775 - werkzeug - INFO -  * Debugger PIN: 137-844-133
2025-08-19 13:53:42,974 - werkzeug - INFO - [31m[1mWARNING: This is a development server. Do not use it in a production deployment. Use a production WSGI server instead.[0m
 * Running on https://127.0.0.1:5000
2025-08-19 13:53:42,974 - werkzeug - INFO - [33mPress CTRL+C to quit[0m
2025-08-19 13:53:42,976 - werkzeug - INFO -  * Restarting with stat
2025-08-19 13:53:43,897 - werkzeug - WARNING -  * Debugger is active!
2025-08-19 13:53:43,905 - werkzeug - INFO -  * Debugger PIN: 137-844-133
2025-08-19 13:53:48,634 - HIPAA_AUDIT - INFO - Action='USER_LOGIN', Resource='authentication', UserID='None', Success='True', Details='Request successful. Status: 200'
2025-08-19 13:53:48,635 - werkzeug - INFO - 127.0.0.1 - - [19/Aug/2025 13:53:48] "POST /api/auth/login HTTP/1.1" 200 -
2025-08-19 13:54:01,361 - HIPAA_AUDIT - INFO - Action='VIEW_PATIENTS', Resource='patients', UserID='1', Success='True', Details='Request successful. Status: 200'
2025-08-19 13:54:01,362 - werkzeug - INFO - 127.0.0.1 - - [19/Aug/2025 13:54:01] "GET /api/patients HTTP/1.1" 200 -
